2023-12-08 20:17:47,822 [INFO] Activator:176 - 


2023-12-08 20:17:47,860 [INFO] Activator:177 - !SESSION log4j initialized
2023-12-08 20:18:21,757 [INFO] LogOutputStream:77 - [STDOUT_REDIRECT] 
2023-12-08 20:18:58,709 [ERROR] LogOutputStream:75 - [STDERR_REDIRECT] SLF4J: Failed to load class "org.slf4j.impl.StaticLoggerBinder".
2023-12-08 20:18:58,709 [ERROR] LogOutputStream:75 - [STDERR_REDIRECT] SLF4J: Defaulting to no-operation (NOP) logger implementation
2023-12-08 20:18:58,719 [ERROR] LogOutputStream:75 - [STDERR_REDIRECT] SLF4J: See http://www.slf4j.org/codes.html#StaticLoggerBinder for further details.
2023-12-08 20:19:25,870 [INFO] ApplicationProperties:184 - Using Application install path: C:\ST\STM32CubeIDE_1.12.0\STM32CubeIDE\plugins\com.st.stm32cube.common.mx_6.8.0.202302231600
2023-12-08 20:19:26,100 [INFO] DbMcusXml:78 - Set database path to: C:\ST\STM32CubeIDE_1.12.0\STM32CubeIDE\plugins\com.st.stm32cube.common.mx_6.8.0.202302231600\\db\/mcu/
2023-12-08 20:19:26,100 [INFO] ApiDb:274 - Set plugin database path to: C:\ST\STM32CubeIDE_1.12.0\STM32CubeIDE\plugins\com.st.stm32cube.common.mx_6.8.0.202302231600\\db\/plugins/boardmanager/
2023-12-08 20:19:26,110 [WARN] ApiDb:259 - Overriding images path with different value:  => C:\ST\STM32CubeIDE_1.12.0\STM32CubeIDE\plugins\com.st.stm32cube.common.mx_6.8.0.202302231600\\db\/plugins/mcufinder/images/
2023-12-08 20:19:26,330 [INFO] ApiDb:250 - Set database path to: C:\Users\santi\.stmcufinder\plugins\mcufinder//mcu/
2023-12-08 20:19:26,340 [INFO] DbMcusAds:125 - Set database path to: C:\Users\santi\.stmcufinder\plugins\mcufinder//mcu/
2023-12-08 20:19:26,360 [INFO] CrossReferenceDbSqlite:203 - Set database path to: C:\Users\santi\.stmcufinder\plugins\mcufinder//mcu/cs/
2023-12-08 20:19:26,920 [INFO] RulesReader:64 - Compatibility file has been processed (293 Rules)
2023-12-08 20:19:33,932 [INFO] DbMcusXml:78 - Set database path to: C:\ST\STM32CubeIDE_1.12.0\STM32CubeIDE\plugins\com.st.stm32cube.common.mx_6.8.0.202302231600\\db\/mcu/
2023-12-08 20:19:33,932 [INFO] ApiDb:274 - Set plugin database path to: C:\ST\STM32CubeIDE_1.12.0\STM32CubeIDE\plugins\com.st.stm32cube.common.mx_6.8.0.202302231600\\db\/plugins/boardmanager/
2023-12-08 20:19:33,932 [INFO] ApiDb:261 - Set plugin images path to: C:\ST\STM32CubeIDE_1.12.0\STM32CubeIDE\plugins\com.st.stm32cube.common.mx_6.8.0.202302231600\\db\/plugins/mcufinder/images/
2023-12-08 20:19:33,932 [WARN] DbFile:41 - Overriding database path with different value: C:\Users\santi\.stmcufinder\plugins\mcufinder/ => C:\Users\santi\.stmcufinder\plugins\mcufinder
2023-12-08 20:19:33,932 [INFO] ApiDb:250 - Set database path to: C:\Users\santi\.stmcufinder\plugins\mcufinder//mcu/
2023-12-08 20:19:33,932 [WARN] DbFile:41 - Overriding database path with different value: C:\Users\santi\.stmcufinder\plugins\mcufinder/ => C:\Users\santi\.stmcufinder\plugins\mcufinder
2023-12-08 20:19:33,932 [INFO] DbMcusAds:125 - Set database path to: C:\Users\santi\.stmcufinder\plugins\mcufinder//mcu/
2023-12-08 20:19:33,932 [WARN] DbFile:41 - Overriding database path with different value: C:\Users\santi\.stmcufinder\plugins\mcufinder/ => C:\Users\santi\.stmcufinder\plugins\mcufinder
2023-12-08 20:19:33,932 [WARN] DbFile:41 - Overriding database path with different value: C:\Users\santi\.stmcufinder\plugins\mcufinder/ => C:\Users\santi\.stmcufinder\plugins\mcufinder
2023-12-08 20:19:33,932 [INFO] CrossReferenceDbSqlite:203 - Set database path to: C:\Users\santi\.stmcufinder\plugins\mcufinder//mcu/cs/
2023-12-08 20:19:35,042 [INFO] MainPanel:253 - HeapMemory: 276824064
2023-12-08 20:19:35,632 [INFO] DbMcusXml:78 - Set database path to: C:\ST\STM32CubeIDE_1.12.0\STM32CubeIDE\plugins\com.st.stm32cube.common.mx_6.8.0.202302231600\\db\/mcu/
2023-12-08 20:19:35,632 [INFO] ApiDb:274 - Set plugin database path to: C:\ST\STM32CubeIDE_1.12.0\STM32CubeIDE\plugins\com.st.stm32cube.common.mx_6.8.0.202302231600\\db\/plugins/boardmanager/
2023-12-08 20:19:35,632 [INFO] ApiDb:261 - Set plugin images path to: C:\ST\STM32CubeIDE_1.12.0\STM32CubeIDE\plugins\com.st.stm32cube.common.mx_6.8.0.202302231600\\db\/plugins/mcufinder/images/
2023-12-08 20:19:35,632 [WARN] DbFile:41 - Overriding database path with different value: C:\Users\santi\.stmcufinder\plugins\mcufinder/ => C:\Users\santi\.stmcufinder\plugins\mcufinder
2023-12-08 20:19:35,632 [INFO] ApiDb:250 - Set database path to: C:\Users\santi\.stmcufinder\plugins\mcufinder//mcu/
2023-12-08 20:19:35,632 [WARN] DbFile:41 - Overriding database path with different value: C:\Users\santi\.stmcufinder\plugins\mcufinder/ => C:\Users\santi\.stmcufinder\plugins\mcufinder
2023-12-08 20:19:35,632 [INFO] DbMcusAds:125 - Set database path to: C:\Users\santi\.stmcufinder\plugins\mcufinder//mcu/
2023-12-08 20:19:35,632 [WARN] DbFile:41 - Overriding database path with different value: C:\Users\santi\.stmcufinder\plugins\mcufinder/ => C:\Users\santi\.stmcufinder\plugins\mcufinder
2023-12-08 20:19:35,632 [WARN] DbFile:41 - Overriding database path with different value: C:\Users\santi\.stmcufinder\plugins\mcufinder/ => C:\Users\santi\.stmcufinder\plugins\mcufinder
2023-12-08 20:19:35,632 [INFO] CrossReferenceDbSqlite:203 - Set database path to: C:\Users\santi\.stmcufinder\plugins\mcufinder//mcu/cs/
2023-12-08 20:19:35,722 [INFO] ApplicationProperties:184 - Using Application install path: C:\ST\STM32CubeIDE_1.12.0\STM32CubeIDE\plugins\com.st.stm32cube.common.mx_6.8.0.202302231600
2023-12-08 20:19:35,732 [INFO] PluginManage:196 - Search for loadable plugins [exclusion list=, ]
2023-12-08 20:19:35,742 [INFO] PluginManage:310 - Check plugin analytics
2023-12-08 20:19:36,812 [INFO] AnalyticsPlugin:253 - Accepted Software Licenses: 
2023-12-08 20:19:36,812 [INFO] AnalyticsPlugin:255 - Accepted CMSIS Pack Licenses: 
2023-12-08 20:19:36,812 [INFO] AnalyticsPlugin:257 - Accepted Firmware Licenses: FW.F4.1.27.0
2023-12-08 20:19:36,842 [INFO] PluginManage:359 - Loaded plugin analytics (category:tool,tabindex:-1)
2023-12-08 20:19:36,842 [INFO] PluginManage:310 - Check plugin cadmodel
2023-12-08 20:19:36,922 [INFO] CADModel:105 - Init CAD model plugin
2023-12-08 20:19:36,922 [INFO] PluginManage:359 - Loaded plugin cadmodel (category:power,tabindex:5)
2023-12-08 20:19:36,932 [INFO] PluginManage:310 - Check plugin clock
2023-12-08 20:19:36,976 [INFO] PluginManage:359 - Loaded plugin clock (category:base,tabindex:2)
2023-12-08 20:19:36,976 [INFO] PluginManage:310 - Check plugin ddr
2023-12-08 20:19:37,017 [INFO] PluginManage:359 - Loaded plugin ddr (category:tool,tabindex:6)
2023-12-08 20:19:37,017 [INFO] PluginManage:310 - Check plugin filemanager
2023-12-08 20:19:37,746 [INFO] PluginManage:359 - Loaded plugin filemanager (category:base,tabindex:10)
2023-12-08 20:19:37,746 [INFO] PluginManage:310 - Check plugin ipmanager
2023-12-08 20:19:37,766 [INFO] PluginManage:359 - Loaded plugin ipmanager (category:base,tabindex:5)
2023-12-08 20:19:37,766 [INFO] PluginManage:310 - Check plugin lpbam
2023-12-08 20:19:37,936 [INFO] PluginManage:359 - Loaded plugin lpbam (category:base,tabindex:0)
2023-12-08 20:19:37,936 [INFO] PluginManage:310 - Check plugin pinoutandconfiguration
2023-12-08 20:19:38,036 [INFO] PluginManage:359 - Loaded plugin pinoutandconfiguration (category:base,tabindex:1)
2023-12-08 20:19:38,036 [INFO] PluginManage:310 - Check plugin pinoutconfig
2023-12-08 20:19:38,626 [WARN] SupportedApi:132 - Cannot load RTOS API schema: s4s-elt-must-match.1: The content of 'definitions' must match (annotation?, (simpleType | complexType)?, (unique | key | keyref)*)). A problem was found starting at: attribute.
2023-12-08 20:19:39,226 [INFO] PluginManage:359 - Loaded plugin pinoutconfig (category:base,tabindex:0)
2023-12-08 20:19:39,226 [INFO] PluginManage:310 - Check plugin power
2023-12-08 20:19:39,396 [INFO] PluginManage:359 - Loaded plugin power (category:power,tabindex:4)
2023-12-08 20:19:39,396 [INFO] PluginManage:310 - Check plugin projectmanager
2023-12-08 20:19:39,456 [INFO] PluginManage:359 - Loaded plugin projectmanager (category:projectmanager,tabindex:3)
2023-12-08 20:19:39,456 [INFO] PluginManage:310 - Check plugin thirdparty
2023-12-08 20:19:40,426 [INFO] PluginManage:359 - Loaded plugin thirdparty (category:base,tabindex:-1)
2023-12-08 20:19:40,426 [WARN] IntegrityCheckThread:84 - waiting for thirdparty lock release [integrity check]
2023-12-08 20:19:40,426 [INFO] PluginManage:310 - Check plugin tools
2023-12-08 20:19:40,426 [INFO] IntegrityCheckThread:86 - entering critical section [integrity check]
2023-12-08 20:19:40,426 [INFO] ThirdPartyUpdaterWithRetryManager:70 - Updater plugin not ready yet. [1/15]
2023-12-08 20:19:40,456 [INFO] PluginManage:359 - Loaded plugin tools (category:base,tabindex:7)
2023-12-08 20:19:40,456 [INFO] PluginManage:310 - Check plugin tutovideos
2023-12-08 20:19:41,346 [INFO] PluginManage:359 - Loaded plugin tutovideos (category:base,tabindex:-1)
2023-12-08 20:19:41,346 [INFO] PluginManage:310 - Check plugin updater
2023-12-08 20:19:41,436 [INFO] PluginManage:359 - Loaded plugin updater (category:base,tabindex:12)
2023-12-08 20:19:41,436 [INFO] PluginManage:283 - PluginManage : Loaded plugins [15]
2023-12-08 20:19:43,455 [INFO] ThirdPartyUpdaterWithRetryManager:70 - Updater plugin not ready yet. [2/15]
2023-12-08 20:19:43,545 [INFO] PinOutPanel:1499 - setPackage(No Configuration,No Configuration)
2023-12-08 20:19:43,946 [INFO] CADModel:165 - CPN selected for project level
2023-12-08 20:19:43,956 [INFO] CADModel:114 - Register for checkConnection events
2023-12-08 20:19:44,586 [INFO] IPUIPlugin:80 - create IPUIPlugin
2023-12-08 20:19:44,586 [INFO] PluginManager:220 - loadIPPluginJar : add adc
2023-12-08 20:19:44,606 [INFO] IPUIPlugin:80 - create IPUIPlugin
2023-12-08 20:19:44,606 [INFO] PluginManager:220 - loadIPPluginJar : add aes
2023-12-08 20:19:44,636 [INFO] IPUIPlugin:80 - create IPUIPlugin
2023-12-08 20:19:44,636 [INFO] PluginManager:220 - loadIPPluginJar : add can
2023-12-08 20:19:44,676 [INFO] IPUIPlugin:80 - create IPUIPlugin
2023-12-08 20:19:44,676 [INFO] PluginManager:220 - loadIPPluginJar : add comp
2023-12-08 20:19:44,716 [INFO] IPUIPlugin:80 - create IPUIPlugin
2023-12-08 20:19:44,716 [INFO] PluginManager:220 - loadIPPluginJar : add cryp
2023-12-08 20:19:44,766 [INFO] IPUIPlugin:80 - create IPUIPlugin
2023-12-08 20:19:44,766 [INFO] PluginManager:220 - loadIPPluginJar : add dfsdm
2023-12-08 20:19:44,806 [INFO] IPUIPlugin:80 - create IPUIPlugin
2023-12-08 20:19:44,806 [INFO] PluginManager:220 - loadIPPluginJar : add dma
2023-12-08 20:19:44,826 [INFO] IPUIPlugin:80 - create IPUIPlugin
2023-12-08 20:19:44,826 [INFO] PluginManager:220 - loadIPPluginJar : add dma3
2023-12-08 20:19:44,846 [INFO] IPUIPlugin:80 - create IPUIPlugin
2023-12-08 20:19:44,846 [INFO] PluginManager:220 - loadIPPluginJar : add fatfs
2023-12-08 20:19:44,876 [INFO] IPUIPlugin:80 - create IPUIPlugin
2023-12-08 20:19:44,876 [INFO] PluginManager:220 - loadIPPluginJar : add fmc
2023-12-08 20:19:44,916 [INFO] IPUIPlugin:80 - create IPUIPlugin
2023-12-08 20:19:44,916 [INFO] PluginManager:220 - loadIPPluginJar : add freertos
2023-12-08 20:19:44,946 [INFO] IPUIPlugin:80 - create IPUIPlugin
2023-12-08 20:19:44,946 [INFO] PluginManager:220 - loadIPPluginJar : add genericplugin
2023-12-08 20:19:44,966 [INFO] IPUIPlugin:80 - create IPUIPlugin
2023-12-08 20:19:44,966 [INFO] PluginManager:220 - loadIPPluginJar : add gfxmmu
2023-12-08 20:19:45,006 [INFO] IPUIPlugin:80 - create IPUIPlugin
2023-12-08 20:19:45,006 [INFO] PluginManager:220 - loadIPPluginJar : add gic
2023-12-08 20:19:45,076 [INFO] IPUIPlugin:80 - create IPUIPlugin
2023-12-08 20:19:45,076 [INFO] PluginManager:220 - loadIPPluginJar : add gpio
2023-12-08 20:19:45,106 [INFO] IPUIPlugin:80 - create IPUIPlugin
2023-12-08 20:19:45,106 [INFO] PluginManager:220 - loadIPPluginJar : add gtzc
2023-12-08 20:19:45,136 [INFO] IPUIPlugin:80 - create IPUIPlugin
2023-12-08 20:19:45,136 [INFO] PluginManager:220 - loadIPPluginJar : add hash
2023-12-08 20:19:45,166 [INFO] IPUIPlugin:80 - create IPUIPlugin
2023-12-08 20:19:45,166 [INFO] PluginManager:220 - loadIPPluginJar : add i2c
2023-12-08 20:19:45,186 [INFO] IPUIPlugin:80 - create IPUIPlugin
2023-12-08 20:19:45,186 [INFO] PluginManager:220 - loadIPPluginJar : add i2s
2023-12-08 20:19:45,216 [INFO] IPUIPlugin:80 - create IPUIPlugin
2023-12-08 20:19:45,216 [INFO] PluginManager:220 - loadIPPluginJar : add i3c
2023-12-08 20:19:45,266 [INFO] IPUIPlugin:80 - create IPUIPlugin
2023-12-08 20:19:45,266 [INFO] PluginManager:220 - loadIPPluginJar : add ipddr
2023-12-08 20:19:45,326 [INFO] IPUIPlugin:80 - create IPUIPlugin
2023-12-08 20:19:45,326 [INFO] PluginManager:220 - loadIPPluginJar : add linkedlist
2023-12-08 20:19:45,366 [INFO] IPUIPlugin:80 - create IPUIPlugin
2023-12-08 20:19:45,366 [INFO] PluginManager:220 - loadIPPluginJar : add lorawan
2023-12-08 20:19:45,416 [INFO] IPUIPlugin:80 - create IPUIPlugin
2023-12-08 20:19:45,416 [INFO] PluginManager:220 - loadIPPluginJar : add ltdc
2023-12-08 20:19:45,486 [INFO] IPUIPlugin:80 - create IPUIPlugin
2023-12-08 20:19:45,486 [INFO] PluginManager:220 - loadIPPluginJar : add mdma
2023-12-08 20:19:45,561 [INFO] IPUIPlugin:80 - create IPUIPlugin
2023-12-08 20:19:45,561 [INFO] PluginManager:220 - loadIPPluginJar : add nvic
2023-12-08 20:19:45,591 [INFO] IPUIPlugin:80 - create IPUIPlugin
2023-12-08 20:19:45,601 [INFO] PluginManager:220 - loadIPPluginJar : add opamp
2023-12-08 20:19:45,631 [INFO] IPUIPlugin:80 - create IPUIPlugin
2023-12-08 20:19:45,631 [INFO] PluginManager:220 - loadIPPluginJar : add openamp
2023-12-08 20:19:45,771 [INFO] IPUIPlugin:80 - create IPUIPlugin
2023-12-08 20:19:45,771 [INFO] PluginManager:220 - loadIPPluginJar : add pdm2pcm
2023-12-08 20:19:45,811 [INFO] IPUIPlugin:80 - create IPUIPlugin
2023-12-08 20:19:45,821 [INFO] PluginManager:220 - loadIPPluginJar : add plateformsettings
2023-12-08 20:19:45,911 [INFO] IPUIPlugin:80 - create IPUIPlugin
2023-12-08 20:19:45,911 [INFO] PluginManager:220 - loadIPPluginJar : add quadspi
2023-12-08 20:19:46,071 [INFO] IPUIPlugin:80 - create IPUIPlugin
2023-12-08 20:19:46,071 [INFO] PluginManager:220 - loadIPPluginJar : add resmgrutility
2023-12-08 20:19:46,111 [INFO] IPUIPlugin:80 - create IPUIPlugin
2023-12-08 20:19:46,111 [INFO] PluginManager:220 - loadIPPluginJar : add sai
2023-12-08 20:19:46,131 [INFO] IPUIPlugin:80 - create IPUIPlugin
2023-12-08 20:19:46,131 [INFO] PluginManager:220 - loadIPPluginJar : add spi
2023-12-08 20:19:46,171 [INFO] IPUIPlugin:80 - create IPUIPlugin
2023-12-08 20:19:46,181 [INFO] PluginManager:220 - loadIPPluginJar : add stm32_wpan
2023-12-08 20:19:46,201 [INFO] IPUIPlugin:80 - create IPUIPlugin
2023-12-08 20:19:46,201 [INFO] PluginManager:220 - loadIPPluginJar : add tim
2023-12-08 20:19:46,231 [INFO] IPUIPlugin:80 - create IPUIPlugin
2023-12-08 20:19:46,231 [INFO] PluginManager:220 - loadIPPluginJar : add touchsensing
2023-12-08 20:19:46,261 [INFO] IPUIPlugin:80 - create IPUIPlugin
2023-12-08 20:19:46,261 [INFO] PluginManager:220 - loadIPPluginJar : add tracer_emb
2023-12-08 20:19:46,281 [INFO] IPUIPlugin:80 - create IPUIPlugin
2023-12-08 20:19:46,281 [INFO] PluginManager:220 - loadIPPluginJar : add ts
2023-12-08 20:19:46,311 [INFO] IPUIPlugin:80 - create IPUIPlugin
2023-12-08 20:19:46,311 [INFO] PluginManager:220 - loadIPPluginJar : add tsc
2023-12-08 20:19:46,331 [INFO] IPUIPlugin:80 - create IPUIPlugin
2023-12-08 20:19:46,331 [INFO] PluginManager:220 - loadIPPluginJar : add ucpd
2023-12-08 20:19:46,421 [INFO] IPUIPlugin:80 - create IPUIPlugin
2023-12-08 20:19:46,421 [INFO] PluginManager:220 - loadIPPluginJar : add usart
2023-12-08 20:19:46,441 [INFO] IPUIPlugin:80 - create IPUIPlugin
2023-12-08 20:19:46,441 [INFO] PluginManager:220 - loadIPPluginJar : add usbx
2023-12-08 20:19:46,461 [INFO] ThirdPartyUpdaterWithRetryManager:70 - Updater plugin not ready yet. [3/15]
2023-12-08 20:19:46,949 [INFO] CADModel:165 - CPN selected for project level
2023-12-08 20:19:46,949 [INFO] CADModel:114 - Register for checkConnection events
2023-12-08 20:19:46,949 [FATAL] Updater:308 - Updater called before beeing initialized
2023-12-08 20:19:46,949 [ERROR] CADModel:125 - Updater not yet initialized, retry later 
2023-12-08 20:19:48,199 [INFO] CADModel:165 - CPN selected for project level
2023-12-08 20:19:48,199 [INFO] CADModel:114 - Register for checkConnection events
2023-12-08 20:19:48,199 [FATAL] Updater:308 - Updater called before beeing initialized
2023-12-08 20:19:48,199 [ERROR] CADModel:125 - Updater not yet initialized, retry later 
2023-12-08 20:19:48,199 [FATAL] Updater:308 - Updater called before beeing initialized
2023-12-08 20:19:48,909 [FATAL] Updater:308 - Updater called before beeing initialized
2023-12-08 20:19:48,929 [INFO] DbMcusAds:53 - JSON generation date=Tue Mar 07 05:50:55 ART 2023 (1678179055114)
2023-12-08 20:19:48,929 [FATAL] Updater:308 - Updater called before beeing initialized
2023-12-08 20:19:49,199 [WARN] DetailPanel:346 - Failed to get advertising image, set to default
2023-12-08 20:19:49,469 [INFO] ThirdPartyUpdaterWithRetryManager:70 - Updater plugin not ready yet. [4/15]
2023-12-08 20:19:49,709 [FATAL] Updater:308 - Updater called before beeing initialized
2023-12-08 20:19:49,799 [FATAL] Updater:308 - Updater called before beeing initialized
2023-12-08 20:19:49,799 [FATAL] Updater:308 - Updater called before beeing initialized
2023-12-08 20:19:49,799 [WARN] DetailPanel:346 - Failed to get advertising image, set to default
2023-12-08 20:19:49,809 [FATAL] Updater:308 - Updater called before beeing initialized
2023-12-08 20:19:50,089 [ERROR] Updater:1120 - MainUpdater not yet initialized. External WinMGr cannot be set.
2023-12-08 20:19:50,119 [INFO] Updater:1056 - Updater Version found : 6.8.0
2023-12-08 20:19:50,189 [INFO] ApplicationProperties:184 - Using Application install path: C:\ST\STM32CubeIDE_1.12.0\STM32CubeIDE\plugins\com.st.stm32cube.common.mx_6.8.0.202302231600
2023-12-08 20:19:50,849 [INFO] MainUpdater:2854 - connection check result : 10
2023-12-08 20:19:50,849 [INFO] MainUpdater:3548 - Updater definition file requires update
2023-12-08 20:19:50,849 [INFO] MainUpdater:283 - Updater Check For Update Now.
2023-12-08 20:19:50,849 [INFO] MicroXplorer:498 - Change Database Version : DB.6.0.80
2023-12-08 20:19:50,919 [INFO] ServerAccessManage:473 - Download File updaters.zip
2023-12-08 20:19:51,149 [INFO] FileExtend:240 - Unzip File : updaters.zip
2023-12-08 20:19:51,149 [INFO] FileExtend:255 - Standard Zip Deflate
2023-12-08 20:19:52,469 [WARN] MainUpdater:1187 - Updater busy. Cannot search thirdparties
2023-12-08 20:19:52,469 [INFO] ThirdPartyUpdaterWithRetryManager:96 - Updater plugin is busy. [1/15]
2023-12-08 20:19:52,689 [INFO] ServerAccessManage:473 - Download File PacksControlFlags.xml
2023-12-08 20:19:52,819 [INFO] ServerAccessManage:473 - Download File cubemx.pidx
2023-12-08 20:19:54,090 [INFO] ServerAccessManage:473 - Download File STMicroelectronics.FP-SNS-MOTENVWB1.pdsc
2023-12-08 20:19:55,479 [WARN] MainUpdater:1187 - Updater busy. Cannot search thirdparties
2023-12-08 20:19:55,479 [INFO] ThirdPartyUpdaterWithRetryManager:96 - Updater plugin is busy. [2/15]
2023-12-08 20:19:56,919 [INFO] ServerAccessManage:473 - Download File STMicroelectronics.X-CUBE-BLEMGR.pdsc
2023-12-08 20:19:58,479 [WARN] MainUpdater:1187 - Updater busy. Cannot search thirdparties
2023-12-08 20:19:58,479 [INFO] ThirdPartyUpdaterWithRetryManager:96 - Updater plugin is busy. [3/15]
2023-12-08 20:20:01,479 [WARN] MainUpdater:1187 - Updater busy. Cannot search thirdparties
2023-12-08 20:20:01,479 [INFO] ThirdPartyUpdaterWithRetryManager:96 - Updater plugin is busy. [4/15]
2023-12-08 20:20:04,489 [WARN] MainUpdater:1187 - Updater busy. Cannot search thirdparties
2023-12-08 20:20:04,489 [INFO] ThirdPartyUpdaterWithRetryManager:96 - Updater plugin is busy. [5/15]
2023-12-08 20:20:05,133 [INFO] ServerAccessManage:473 - Download File STMicroelectronics.X-CUBE-EEPRMA1.pdsc
2023-12-08 20:20:07,495 [WARN] MainUpdater:1187 - Updater busy. Cannot search thirdparties
2023-12-08 20:20:07,495 [INFO] ThirdPartyUpdaterWithRetryManager:96 - Updater plugin is busy. [6/15]
2023-12-08 20:20:08,335 [ERROR] ServerAccessManage:1089 - Problem, file not found on Server
2023-12-08 20:20:10,500 [WARN] MainUpdater:1187 - Updater busy. Cannot search thirdparties
2023-12-08 20:20:10,500 [INFO] ThirdPartyUpdaterWithRetryManager:96 - Updater plugin is busy. [7/15]
2023-12-08 20:20:11,540 [INFO] MainUpdater:2854 - connection check result : 10
2023-12-08 20:20:12,200 [INFO] ServerAccessManage:473 - Download File STMicroelectronics.X-CUBE-ISPU.pdsc
2023-12-08 20:20:12,880 [INFO] ServerAccessManage:473 - Download File STMicroelectronics.X-CUBE-TOF1.pdsc
2023-12-08 20:20:13,500 [WARN] MainUpdater:1187 - Updater busy. Cannot search thirdparties
2023-12-08 20:20:13,500 [INFO] ThirdPartyUpdaterWithRetryManager:96 - Updater plugin is busy. [8/15]
2023-12-08 20:20:14,490 [ERROR] ServerAccessManage:1089 - Problem, file not found on Server
2023-12-08 20:20:14,702 [INFO] ServerAccessManage:473 - Download File STMicroelectronics.X-CUBE-AZRTOS-H7.pdsc
2023-12-08 20:20:16,502 [WARN] MainUpdater:1187 - Updater busy. Cannot search thirdparties
2023-12-08 20:20:16,502 [INFO] ThirdPartyUpdaterWithRetryManager:96 - Updater plugin is busy. [9/15]
2023-12-08 20:20:19,502 [WARN] MainUpdater:1187 - Updater busy. Cannot search thirdparties
2023-12-08 20:20:19,502 [INFO] ThirdPartyUpdaterWithRetryManager:96 - Updater plugin is busy. [10/15]
2023-12-08 20:20:22,507 [WARN] MainUpdater:1187 - Updater busy. Cannot search thirdparties
2023-12-08 20:20:22,507 [INFO] ThirdPartyUpdaterWithRetryManager:96 - Updater plugin is busy. [11/15]
2023-12-08 20:20:25,318 [ERROR] ServerAccessManage:1096 - Problem, Http access forbiden
2023-12-08 20:20:25,318 [ERROR] ServerAccessManage:651 - Problem, Http access forbiden : RoweBots.I-CUBE-UNISONRTOS.pdsc.
2023-12-08 20:20:25,508 [WARN] MainUpdater:1187 - Updater busy. Cannot search thirdparties
2023-12-08 20:20:25,508 [INFO] ThirdPartyUpdaterWithRetryManager:96 - Updater plugin is busy. [12/15]
2023-12-08 20:20:25,978 [INFO] CheckServerUpdateThread:120 - End of CheckServer Thread
2023-12-08 20:20:25,988 [INFO] MainUpdater:2854 - connection check result : 10
2023-12-08 20:20:26,173 [WARN] PackLoader:240 - Cannot read IP mode file for STMicroelectronics.FP-SNS-MOTENVWB1.1.3.1
2023-12-08 20:20:26,264 [WARN] PackLoader:240 - Cannot read IP mode file for STMicroelectronics.X-CUBE-BLEMGR.3.0.0
2023-12-08 20:20:26,338 [WARN] PackLoader:240 - Cannot read IP mode file for STMicroelectronics.X-CUBE-EEPRMA1.4.2.0
2023-12-08 20:20:26,384 [WARN] PackLoader:240 - Cannot read IP mode file for STMicroelectronics.X-CUBE-ISPU.2.0.0
2023-12-08 20:20:26,444 [WARN] PackLoader:240 - Cannot read IP mode file for STMicroelectronics.X-CUBE-TOF1.3.4.0
2023-12-08 20:20:26,623 [WARN] PackLoader:240 - Cannot read IP mode file for STMicroelectronics.X-CUBE-AZRTOS-H7.3.2.0
2023-12-08 20:20:26,632 [INFO] PopulateThirdPartyThread:66 - Ending populate Thread
2023-12-08 20:20:26,642 [INFO] ThirdParty:1030 - CMSIS Pack Vendor :STMicroelectronics FP-SNS-MOTENVWB1 1.3.1
2023-12-08 20:20:26,642 [INFO] ThirdParty:1030 - CMSIS Pack Vendor :STMicroelectronics X-CUBE-TOF1 3.4.0
2023-12-08 20:20:26,642 [INFO] ThirdParty:1030 - CMSIS Pack Vendor :STMicroelectronics X-CUBE-AZRTOS-H7 3.2.0
2023-12-08 20:20:26,642 [INFO] ThirdParty:1030 - CMSIS Pack Vendor :STMicroelectronics X-CUBE-BLEMGR 3.0.0
2023-12-08 20:20:26,642 [INFO] ThirdParty:1030 - CMSIS Pack Vendor :STMicroelectronics X-CUBE-EEPRMA1 4.2.0
2023-12-08 20:20:26,642 [INFO] ThirdParty:1030 - CMSIS Pack Vendor :STMicroelectronics X-CUBE-ISPU 2.0.0
2023-12-08 20:20:26,642 [INFO] LoadServerUpdatesThread:373 - End of LoadServerUpdate Thread
2023-12-08 20:20:26,793 [INFO] MicroXplorer:468 - Change Database Path : 
2023-12-08 20:20:26,793 [INFO] MicroXplorer:498 - Change Database Version : DB.6.0.80
2023-12-08 20:20:26,793 [WARN] ThirdParty:871 - waiting for thirdparty lock release [close project]
2023-12-08 20:20:31,356 [WARN] PackLoader:240 - Cannot read IP mode file for STMicroelectronics.X-CUBE-SMBUS.2.1.0
2023-12-08 20:20:31,566 [WARN] PackLoader:240 - Cannot read IP mode file for STMicroelectronics.X-CUBE-AZRTOS-F7.1.1.0
2023-12-08 20:20:31,786 [WARN] PackLoader:240 - Cannot read IP mode file for STMicroelectronics.FP-SNS-MOTENV1.4.3.2
2023-12-08 20:20:31,876 [ERROR] RealEvaluatedCondition:428 - Found unsupported composite condition: CLASS='Data Exchange' GROUP='STM32_MetaDataManager'
2023-12-08 20:20:31,876 [ERROR] RealEvaluatedCondition:428 - Found unsupported composite condition: CLASS='Data Exchange' GROUP='STM32_MetaDataManager'
2023-12-08 20:20:31,896 [WARN] PackLoader:240 - Cannot read IP mode file for STMicroelectronics.FP-SNS-MOTENV1.4.3.1
2023-12-08 20:20:31,986 [WARN] PackLoader:240 - Cannot read IP mode file for STMicroelectronics.FP-SNS-FLIGHT1.5.0.1
2023-12-08 20:20:32,026 [WARN] PackLoader:240 - Cannot read IP mode file for STMicroelectronics.X-CUBE-BLE1.6.2.4
2023-12-08 20:20:32,076 [WARN] PackLoader:240 - Cannot read IP mode file for STMicroelectronics.FP-SNS-FLIGHT1.5.0.2
2023-12-08 20:20:32,127 [WARN] PackLoader:240 - Cannot read IP mode file for STMicroelectronics.X-CUBE-DISPLAY.3.0.0
2023-12-08 20:20:32,177 [WARN] PackLoader:240 - Cannot read IP mode file for STMicroelectronics.X-CUBE-BLE1.7.0.0
2023-12-08 20:20:32,227 [WARN] PackLoader:240 - Cannot read IP mode file for STMicroelectronics.X-CUBE-TOUCHGFX.4.22.0
2023-12-08 20:20:32,247 [WARN] PackLoader:240 - Cannot read IP mode file for STMicroelectronics.X-CUBE-TOUCHGFX.4.22.1
2023-12-08 20:20:32,287 [WARN] PackLoader:240 - Cannot read IP mode file for STMicroelectronics.FP-SNS-SMARTAG2.1.2.0
2023-12-08 20:20:32,437 [INFO] LogOutputStream:77 - [STDOUT_REDIRECT] 1 : Invalid condition id : UX_CORESTACK_Condition cause : null
2023-12-08 20:20:32,437 [INFO] LogOutputStream:77 - [STDOUT_REDIRECT] 1 : Invalid condition id : UX_CORESTACK_Condition cause : null
2023-12-08 20:20:32,437 [INFO] LogOutputStream:77 - [STDOUT_REDIRECT] 1 : Invalid condition id : UX_CORESTACK_Condition cause : null
2023-12-08 20:20:32,437 [INFO] LogOutputStream:77 - [STDOUT_REDIRECT] 1 : Invalid condition id : UX_CORESTACK_Condition cause : null
2023-12-08 20:20:32,447 [INFO] LogOutputStream:77 - [STDOUT_REDIRECT] 1 : Invalid condition id : UX_CORESTACK_Condition cause : null
2023-12-08 20:20:32,487 [WARN] PackLoader:240 - Cannot read IP mode file for STMicroelectronics.X-CUBE-AZRTOS-WL.2.0.0
2023-12-08 20:20:32,567 [WARN] PackLoader:240 - Cannot read IP mode file for WES.I-CUBE-Cesium.1.3.0
2023-12-08 20:20:32,597 [WARN] PackLoader:240 - Cannot read IP mode file for STMicroelectronics.X-CUBE-BLE2.3.3.0
2023-12-08 20:20:32,697 [WARN] PackLoader:240 - Cannot read IP mode file for STMicroelectronics.X-CUBE-TOUCHGFX.4.21.4
2023-12-08 20:20:32,757 [WARN] PackLoader:240 - Cannot read IP mode file for STMicroelectronics.X-CUBE-ALGOBUILD.1.3.0
2023-12-08 20:20:33,007 [WARN] PackLoader:240 - Cannot read IP mode file for STMicroelectronics.X-CUBE-AZRTOS-G0.1.1.0
2023-12-08 20:20:33,047 [WARN] PackLoader:240 - Cannot read IP mode file for STMicroelectronics.X-CUBE-NFC4.3.0.0
2023-12-08 20:20:33,067 [WARN] PackLoader:240 - Cannot read IP mode file for STMicroelectronics.X-CUBE-BLEMGR.3.0.0
2023-12-08 20:20:33,117 [WARN] PackLoader:240 - Cannot read IP mode file for STMicroelectronics.FP-ATR-SIGFOX1.3.2.0
2023-12-08 20:20:33,377 [WARN] PackLoader:240 - Cannot read IP mode file for SEGGER.I-CUBE-embOS.1.3.1
2023-12-08 20:20:33,517 [WARN] PackLoader:240 - Cannot read IP mode file for STMicroelectronics.X-CUBE-GNSS1.6.0.0
2023-12-08 20:20:33,647 [WARN] PackLoader:240 - Cannot read IP mode file for STMicroelectronics.X-CUBE-AZRTOS-F4.1.1.0
2023-12-08 20:20:33,677 [WARN] PackLoader:240 - Cannot read IP mode file for wolfSSL.I-CUBE-wolfSSL.5.6.0
2023-12-08 20:20:33,807 [WARN] PackLoader:240 - Cannot read IP mode file for STMicroelectronics.X-CUBE-AZRTOS-L5.2.0.0
2023-12-08 20:20:33,927 [WARN] PackLoader:240 - Cannot read IP mode file for STMicroelectronics.X-CUBE-MEMS1.9.6.0
2023-12-08 20:20:34,267 [WARN] PackLoader:240 - Cannot read IP mode file for STMicroelectronics.X-CUBE-EEPRMA1.4.2.0
2023-12-08 20:20:34,287 [WARN] PackLoader:240 - Cannot read IP mode file for ITTIA_DB.I-CUBE-ITTIADB.8.8.0
2023-12-08 20:20:34,337 [WARN] PackLoader:240 - Cannot read IP mode file for emotas.I-CUBE-CANOPEN.1.1.3
2023-12-08 20:20:34,387 [WARN] PackLoader:240 - Cannot read IP mode file for STMicroelectronics.X-CUBE-BLEMGR.2.0.0
2023-12-08 20:20:34,447 [WARN] ConditionMgr:438 - getConditionDescription Invalid condition id : UX DEVICE CLASS RTOS Condition cause : null
2023-12-08 20:20:34,447 [WARN] ConditionMgr:438 - getConditionDescription Invalid condition id : UX DEVICE CLASS RTOS Condition cause : null
2023-12-08 20:20:34,447 [WARN] PackLoader:240 - Cannot read IP mode file for STMicroelectronics.X-CUBE-AZRTOS-H7.3.1.0
2023-12-08 20:20:34,457 [WARN] ConditionMgr:1039 - genDependencies : Invalid condition id : UX DEVICE CLASS RTOS Condition cause : null
2023-12-08 20:20:34,457 [WARN] ConditionMgr:1039 - genDependencies : Invalid condition id : UX DEVICE CLASS RTOS Condition cause : null
2023-12-08 20:20:34,457 [WARN] ConditionMgr:1039 - genDependencies : Invalid condition id : UX DEVICE CLASS RTOS Condition cause : null
2023-12-08 20:20:34,457 [WARN] ConditionMgr:1039 - genDependencies : Invalid condition id : UX DEVICE CLASS RTOS Condition cause : null
2023-12-08 20:20:34,457 [WARN] ConditionMgr:1039 - genDependencies : Invalid condition id : UX DEVICE CLASS RTOS Condition cause : null
2023-12-08 20:20:34,547 [WARN] PackLoader:240 - Cannot read IP mode file for STMicroelectronics.X-CUBE-NFC7.1.0.1
2023-12-08 20:20:34,577 [WARN] PackLoader:240 - Cannot read IP mode file for STMicroelectronics.X-CUBE-NFC7.1.0.0
2023-12-08 20:20:34,627 [WARN] PackLoader:240 - Cannot read IP mode file for STMicroelectronics.X-CUBE-NFC6.3.0.0
2023-12-08 20:20:34,657 [WARN] PackLoader:240 - Cannot read IP mode file for STMicroelectronics.X-CUBE-EEPRMA1.4.1.0
2023-12-08 20:20:34,697 [WARN] PackLoader:240 - Cannot read IP mode file for STMicroelectronics.X-CUBE-AI.8.1.0
2023-12-08 20:20:34,767 [WARN] ConditionMgr:438 - getConditionDescription Invalid condition id : LAN8742 Phy interface Condition cause : null
2023-12-08 20:20:34,767 [WARN] PackLoader:240 - Cannot read IP mode file for STMicroelectronics.X-CUBE-AZRTOS-L4.2.0.0
2023-12-08 20:20:34,777 [WARN] ConditionMgr:1039 - genDependencies : Invalid condition id : LAN8742 Phy interface Condition cause : null
2023-12-08 20:20:34,777 [WARN] ConditionMgr:1039 - genDependencies : Invalid condition id : LAN8742 Phy interface Condition cause : null
2023-12-08 20:20:34,777 [WARN] ConditionMgr:1039 - genDependencies : Invalid condition id : LAN8742 Phy interface Condition cause : null
2023-12-08 20:20:34,817 [WARN] PackLoader:240 - Cannot read IP mode file for STMicroelectronics.X-CUBE-SFXS2LP1.4.0.0
2023-12-08 20:20:34,837 [WARN] PackLoader:240 - Cannot read IP mode file for STMicroelectronics.X-CUBE-ISPU.1.1.0
2023-12-08 20:20:34,887 [WARN] ConditionMgr:438 - getConditionDescription Invalid condition id : UX DEVICE CLASS RTOS Condition cause : null
2023-12-08 20:20:34,887 [WARN] ConditionMgr:438 - getConditionDescription Invalid condition id : UX DEVICE CLASS RTOS Condition cause : null
2023-12-08 20:20:34,887 [WARN] PackLoader:240 - Cannot read IP mode file for STMicroelectronics.X-CUBE-AZRTOS-WB.2.0.0
2023-12-08 20:20:34,887 [WARN] ConditionMgr:1039 - genDependencies : Invalid condition id : UX DEVICE CLASS RTOS Condition cause : null
2023-12-08 20:20:34,887 [WARN] ConditionMgr:1039 - genDependencies : Invalid condition id : UX DEVICE CLASS RTOS Condition cause : null
2023-12-08 20:20:34,887 [WARN] ConditionMgr:1039 - genDependencies : Invalid condition id : UX DEVICE CLASS RTOS Condition cause : null
2023-12-08 20:20:34,897 [WARN] ConditionMgr:1039 - genDependencies : Invalid condition id : UX DEVICE CLASS RTOS Condition cause : null
2023-12-08 20:20:34,897 [WARN] ConditionMgr:1039 - genDependencies : Invalid condition id : UX DEVICE CLASS RTOS Condition cause : null
2023-12-08 20:20:34,957 [WARN] PackLoader:240 - Cannot read IP mode file for STMicroelectronics.X-CUBE-FREERTOS.1.0.1
2023-12-08 20:20:35,027 [WARN] PackLoader:240 - Cannot read IP mode file for STMicroelectronics.X-CUBE-AZRTOS-L5.1.1.0
2023-12-08 20:20:35,057 [WARN] PackLoader:240 - Cannot read IP mode file for STMicroelectronics.X-CUBE-AI.8.0.1
2023-12-08 20:20:35,097 [WARN] PackLoader:240 - Cannot read IP mode file for STMicroelectronics.X-CUBE-SUBG2.5.0.0
2023-12-08 20:20:35,167 [WARN] PackLoader:240 - Cannot read IP mode file for STMicroelectronics.X-CUBE-TOF1.3.3.1
2023-12-08 20:20:35,237 [WARN] PackLoader:240 - Cannot read IP mode file for STMicroelectronics.X-CUBE-AZRTOS-G4.2.0.0
2023-12-08 20:20:35,287 [WARN] PackLoader:240 - Cannot read IP mode file for STMicroelectronics.X-CUBE-TOF1.3.3.0
2023-12-08 20:20:35,357 [WARN] PackLoader:240 - Cannot read IP mode file for Infineon.AIROC-Wi-Fi-Bluetooth-STM32.1.5.1
2023-12-08 20:20:35,397 [WARN] PackLoader:240 - Cannot read IP mode file for STMicroelectronics.FP-SNS-MOTENVWB1.1.3.1
2023-12-08 20:20:35,407 [WARN] PackLoader:240 - Cannot read IP mode file for STMicroelectronics.X-CUBE-ISPU.2.0.0
2023-12-08 20:20:35,507 [WARN] PackLoader:240 - Cannot read IP mode file for STMicroelectronics.X-CUBE-MEMS1.10.0.0
2023-12-08 20:20:35,697 [WARN] PackLoader:240 - Cannot read IP mode file for STMicroelectronics.X-CUBE-FREERTOS.1.1.0
2023-12-08 20:20:35,717 [WARN] PackLoader:240 - Cannot read IP mode file for portGmbH.I-Cube-SoM-uGOAL.1.1.0
2023-12-08 20:20:35,737 [WARN] PackLoader:240 - Cannot read IP mode file for STMicroelectronics.X-CUBE-ALS.1.0.1
2023-12-08 20:20:35,807 [WARN] PackLoader:240 - Cannot read IP mode file for STMicroelectronics.X-CUBE-AZRTOS-WB.1.1.0
2023-12-08 20:20:35,847 [WARN] PackLoader:240 - Cannot read IP mode file for STMicroelectronics.FP-ATR-ASTRA1.2.0.0
2023-12-08 20:20:35,867 [WARN] PackLoader:240 - Cannot read IP mode file for STMicroelectronics.X-CUBE-TOF1.3.4.0
2023-12-08 20:20:35,907 [WARN] PackLoader:240 - Cannot read IP mode file for STMicroelectronics.X-CUBE-AZRTOS-H7.3.2.0
2023-12-08 20:20:35,917 [INFO] ThirdParty:978 - Integrity check success = true
2023-12-08 20:20:35,917 [INFO] IntegrityCheckThread:100 - exiting critical section [integrity check]
2023-12-08 20:20:35,917 [INFO] IntegrityCheckThread:103 - End integrity checks thread
2023-12-08 20:20:35,917 [INFO] ThirdParty:873 - entering critical section [close project]
2023-12-08 20:20:35,917 [INFO] ThirdParty:883 - exiting critical section [close project]
2023-12-08 20:20:35,927 [INFO] PinOutPanel:1499 - setPackage(No Configuration,No Configuration)
2023-12-08 20:20:35,937 [INFO] UtilMem:75 - Begin LoadConfig() Used Memory: 463008192 Bytes (638582784)
2023-12-08 20:20:35,957 [INFO] MicroXplorer:468 - Change Database Path : 
2023-12-08 20:20:35,957 [INFO] MicroXplorer:498 - Change Database Version : DB.6.0.80
2023-12-08 20:20:35,957 [INFO] OpenFileManager:308 - Change cursor
2023-12-08 20:20:36,178 [INFO] Mcu:1937 - Initializing MCU STM32F401R(D-E)Tx STM32F401RETx STM32F401RET6
2023-12-08 20:20:39,565 [INFO] Context:659 - Trying to add GPIOservice into a context  which must be forbidden
2023-12-08 20:20:41,075 [INFO] RtosManager:555 - Registered RTOS mode: class=CMSIS, group=RTOS, mode=CMSIS_V1, owner=FREERTOS
2023-12-08 20:20:41,075 [INFO] RtosManager:555 - Registered RTOS mode: class=CMSIS, group=RTOS2, mode=CMSIS_V2, owner=FREERTOS
2023-12-08 20:20:41,075 [INFO] RtosManager:555 - Registered RTOS mode: class=RTOS, group=Core, mode=CMSIS_V1, owner=FREERTOS
2023-12-08 20:20:41,075 [INFO] RtosManager:555 - Registered RTOS mode: class=RTOS, group=Core, mode=CMSIS_V2, owner=FREERTOS
2023-12-08 20:20:41,075 [WARN] ModelIntegratedComponent:184 - Missing modes for component STMicroelectronics:FreeRTOS:0.0.1:STMicroelectronics:RTOS:FreeRTOS:Core:::10.2.0:
2023-12-08 20:20:41,115 [WARN] ModelIntegratedComponent:63 - No mode defined for component null
2023-12-08 20:20:41,125 [WARN] ModelIntegratedComponent:63 - No mode defined for component null
2023-12-08 20:20:41,125 [WARN] ModelIntegratedComponent:63 - No mode defined for component null
2023-12-08 20:20:41,125 [WARN] ModelIntegratedComponent:63 - No mode defined for component null
2023-12-08 20:20:41,125 [WARN] ModelIntegratedComponent:63 - No mode defined for component null
2023-12-08 20:20:41,125 [WARN] ModelIntegratedComponent:63 - No mode defined for component null
2023-12-08 20:20:41,125 [WARN] ModelIntegratedComponent:63 - No mode defined for component null
2023-12-08 20:20:41,125 [WARN] ModelIntegratedComponent:63 - No mode defined for component null
2023-12-08 20:20:41,125 [WARN] ModelIntegratedComponent:63 - No mode defined for component null
2023-12-08 20:20:41,125 [WARN] ModelIntegratedComponent:63 - No mode defined for component null
2023-12-08 20:20:41,125 [WARN] ModelIntegratedComponent:63 - No mode defined for component null
2023-12-08 20:20:41,125 [WARN] ModelIntegratedComponent:63 - No mode defined for component null
2023-12-08 20:20:41,125 [WARN] ModelIntegratedComponent:63 - No mode defined for component null
2023-12-08 20:20:41,125 [WARN] ModelIntegratedComponent:63 - No mode defined for component null
2023-12-08 20:20:41,125 [WARN] ModelIntegratedComponent:63 - No mode defined for component null
2023-12-08 20:20:41,125 [WARN] ModelIntegratedComponent:63 - No mode defined for component null
2023-12-08 20:20:41,125 [WARN] ModelIntegratedComponent:63 - No mode defined for component null
2023-12-08 20:20:41,125 [WARN] ModelIntegratedComponent:63 - No mode defined for component null
2023-12-08 20:20:41,125 [WARN] ModelIntegratedComponent:63 - No mode defined for component null
2023-12-08 20:20:41,125 [WARN] ModelIntegratedComponent:63 - No mode defined for component null
2023-12-08 20:20:41,125 [WARN] ModelIntegratedComponent:63 - No mode defined for component null
2023-12-08 20:20:41,125 [WARN] ModelIntegratedComponent:63 - No mode defined for component null
2023-12-08 20:20:41,125 [WARN] ModelIntegratedComponent:63 - No mode defined for component null
2023-12-08 20:20:41,125 [WARN] ModelIntegratedComponent:63 - No mode defined for component null
2023-12-08 20:20:41,125 [WARN] ModelIntegratedComponent:63 - No mode defined for component null
2023-12-08 20:20:41,125 [WARN] ModelIntegratedComponent:63 - No mode defined for component null
2023-12-08 20:20:41,125 [WARN] ModelIntegratedComponent:63 - No mode defined for component null
2023-12-08 20:20:41,125 [WARN] ModelIntegratedComponent:63 - No mode defined for component null
2023-12-08 20:20:41,125 [WARN] ModelIntegratedComponent:63 - No mode defined for component null
2023-12-08 20:20:41,125 [WARN] ModelIntegratedComponent:63 - No mode defined for component null
2023-12-08 20:20:41,125 [WARN] ModelIntegratedComponent:63 - No mode defined for component null
2023-12-08 20:20:41,125 [WARN] ModelIntegratedComponent:63 - No mode defined for component null
2023-12-08 20:20:41,125 [WARN] ModelIntegratedComponent:63 - No mode defined for component null
2023-12-08 20:20:41,385 [INFO] ThirdPartyModel:298 - Start build external matchings
2023-12-08 20:20:42,654 [INFO] ThirdPartyModel:316 - End build external matchings
2023-12-08 20:20:42,705 [INFO] RtosManager:919 - Current active RTOS is FREERTOS [Cortex-M4NS]
2023-12-08 20:20:42,745 [INFO] ImportTextPane:194 - (OptionalMessage_ERROR) IP (DMA) : Parameter (Instance) has Id (ADC1) currently not set
2023-12-08 20:20:42,745 [INFO] ImportTextPane:194 - (OptionalMessage_ERROR) IP (DMA) : Parameter (Channel) has Id (ADC1) currently not set
2023-12-08 20:20:42,745 [INFO] ImportTextPane:194 - (OptionalMessage_ERROR) IP (DMA) : Parameter (Direction) has Id (ADC1) currently not set
2023-12-08 20:20:42,745 [INFO] ImportTextPane:194 - (OptionalMessage_ERROR) IP (DMA) : Parameter (PeriphInc) has Id (ADC1) currently not set
2023-12-08 20:20:42,745 [INFO] ImportTextPane:194 - (OptionalMessage_ERROR) IP (DMA) : Parameter (MemInc) has Id (ADC1) currently not set
2023-12-08 20:20:42,745 [INFO] ImportTextPane:194 - (OptionalMessage_ERROR) IP (DMA) : Parameter (PeriphDataAlignment) has Id (ADC1) currently not set
2023-12-08 20:20:42,745 [INFO] ImportTextPane:194 - (OptionalMessage_ERROR) IP (DMA) : Parameter (MemDataAlignment) has Id (ADC1) currently not set
2023-12-08 20:20:42,745 [INFO] ImportTextPane:194 - (OptionalMessage_ERROR) IP (DMA) : Parameter (Mode) has Id (ADC1) currently not set
2023-12-08 20:20:42,745 [INFO] ImportTextPane:194 - (OptionalMessage_ERROR) IP (DMA) : Parameter (Priority) has Id (ADC1) currently not set
2023-12-08 20:20:42,745 [INFO] ImportTextPane:194 - (OptionalMessage_ERROR) IP (DMA) : Parameter (FIFOMode) has Id (ADC1) currently not set
2023-12-08 20:20:42,775 [INFO] ImportTextPane:194 - (OptionalMessage_ERROR) IP (RCC) : Parameter (RTCHSEDivFreq_Value) has invalid value (4000000)
2023-12-08 20:20:43,582 [INFO] UtilMem:75 - End LoadConfig() Used Memory: 515352736 Bytes (638582784)
2023-12-08 20:20:44,169 [INFO] ApiDb:581 - Connected to CubeFinder SQLite database (C:\Users\santi\.stmcufinder\plugins\mcufinder\mcu\cube-finder-db.db)
2023-12-08 20:20:44,489 [INFO] ApiDb:668 - CubeFinder database Data Model version=2.1
2023-12-08 20:20:44,489 [INFO] ApiDb:669 - CubeFinder database Configuration version=3.0.37
2023-12-08 20:20:44,489 [INFO] ApiDb:670 - CubeFinder database generation date=2023-08-09 (1691586011)
2023-12-08 20:20:44,489 [INFO] ApiDb:671 - CubeFinder database FW Pack versions=[FP-ATR-ASTRA1_V2.0.0, FP-SNS-FLIGHT1_V5.0.1, FP-SNS-FLIGHT1_V5.0.2, FP-SNS-MOTENV1_V4.3.1, FP-SNS-MOTENV1_V4.3.2, STM32Cube_FW_C0_V1.1.0, STM32Cube_FW_F4_V1.27.1, STM32Cube_FW_F7_V1.17.0, STM32Cube_FW_G0_V1.6.1, STM32Cube_FW_G4_V1.5.1, STM32Cube_FW_H5_V0.5.1, STM32Cube_FW_H5_V1.1.0, STM32Cube_FW_H7_V1.11.0, STM32Cube_FW_L0_V1.12.2, STM32Cube_FW_L5_V1.5.0, STM32Cube_FW_U5_V1.3.0, STM32Cube_FW_U5_V1.3.0RC4, STM32Cube_FW_WBA_V1.0.0RC1, STM32Cube_FW_WBA_V1.1.0, STM32Cube_FW_WBA_V1.1.0RC1, STM32Cube_FW_WB_V1.15.0RC1, STM32Cube_FW_WB_V1.16.0, STM32Cube_FW_WB_V1.16.0RC2, STM32Cube_FW_WB_V1.17.0, STM32Cube_FW_WL_V1.3.0, X-CUBE-ALGOBUILD_V1.3.0, X-CUBE-ALS_V1.0.1, X-CUBE-AZRTOS-F4_V1.1.0, X-CUBE-AZRTOS-F7_V1.1.0, X-CUBE-AZRTOS-G0_V1.1.0, X-CUBE-AZRTOS-G4_V2.0.0, X-CUBE-AZRTOS-H7_V3.1.0, X-CUBE-AZRTOS-L4_V1.0.0, X-CUBE-AZRTOS-L4_V2.0.0, X-CUBE-AZRTOS-L5_V1.1.0, X-CUBE-AZRTOS-WB_V1.1.0, X-CUBE-AZRTOS-WL_V2.0.0, X-CUBE-BLE1_V7.0.0, X-CUBE-BLE2_V3.3.0, X-CUBE-BLEMGR_V2.0.0, X-CUBE-EEPRMA1_V4.1.0, X-CUBE-FREERTOS_V1.1.0, X-CUBE-GNSS1_V6.0.0, X-CUBE-MEMS1_V9.1.0, X-CUBE-MEMS1_V9.4.0, X-CUBE-MEMS1_V9.6.0, X-CUBE-NFC4_V3.0.0, X-CUBE-NFC7_V1.0.0, X-CUBE-SFXS2LP1_V4.0.0, X-CUBE-SUBG2_V5.0.0, X-CUBE-TOF1_V3.3.1]
2023-12-08 20:20:50,355 [INFO] ApiDb:240 - Found 297 in-development CPN: [B-G473E-ZEST1S, B-WB1M-WPAN1, B-WL5M-SUBG1, NUCLEO-C031C6, NUCLEO-H503RB, NUCLEO-H563ZI, NUCLEO-U545RE-Q, NUCLEO-U5A5ZJ-Q, NUCLEO-WBA52CG, STEVAL-PROTEUS1, STEVAL-STWINBX1, STM320518-EVAL, STM32C0116-DK, STM32C011D6Y3TR, STM32C011D6Y6TR, STM32C011F4P3, STM32C011F4P6, STM32C011F4U3, STM32C011F4U6TR, STM32C011F6P3, STM32C011F6P6, STM32C011F6U3, STM32C011F6U6TR, STM32C011J4M3, STM32C011J4M6, STM32C011J6M3, STM32C011J6M6, STM32C0316-DK, STM32C031C4T3, STM32C031C4T6, STM32C031C4U3, STM32C031C4U6, STM32C031C6T3, STM32C031C6T6, STM32C031C6U3, STM32C031C6U6, STM32C031F4P3, STM32C031F4P6, STM32C031F6P3, STM32C031F6P6, STM32C031G4U3, STM32C031G4U6, STM32C031G6U3, STM32C031G6U6, STM32C031K4T3, STM32C031K4T6, STM32C031K4U3, STM32C031K4U6, STM32C031K6T3, STM32C031K6T6, STM32C031K6U3, STM32C031K6U6, STM32G071K8TXN, STM32G071K8UXN, STM32G081GBU6N, STM32G081KBT6N, STM32G081KBUXN, STM32G0B1CCT6N, STM32G0B1KCT6, STM32G0B1NEY6TR, STM32G0B1RCT6N, STM32G0C1CCT6, STM32G0C1CCT6N, STM32G0C1CCU6N, STM32G0C1CET6N, STM32G0C1CEU6N, STM32G0C1KCT6, STM32G0C1NEY6TR, STM32G0C1RCI6N, STM32G0C1RCT6N, STM32G0C1REI6N, STM32G0C1RET6N, STM32G0C1VCI6, STM32G0C1VEI6, STM32G471CCT6, STM32G471CCU6, STM32G471CET3, STM32G471CET6, STM32G471CEU3, STM32G471CEU6, STM32G471MCT6, STM32G471MET3, STM32G471MET6, STM32G471MEY6TR, STM32G471QCT6, STM32G471QET3, STM32G471RCT6, STM32G471RET3, STM32G471RET6, STM32G471VCH6, STM32G471VCI6, STM32G471VCT6, STM32G471VEH3, STM32G471VEH6, STM32G471VEI3, STM32G471VEI6, STM32G471VET3, STM32G471VET6, STM32G474CCT6, STM32H503CBT6, STM32H503CBU6, STM32H503EBY6TR, STM32H503KBU6, STM32H503RBT6, STM32H562AGI6, STM32H562AII6, STM32H562IGK6, STM32H562IGT6, STM32H562IIK6, STM32H562IIT6, STM32H562RGT6, STM32H562RGV6, STM32H562RIT6, STM32H562RIV6, STM32H562VGT6, STM32H562VIT6, STM32H562ZGT6, STM32H562ZIT6, STM32H563AGI6, STM32H563AII3Q, STM32H563AII6, STM32H563IGK6, STM32H563IGT6, STM32H563IIK3Q, STM32H563IIK6, STM32H563IIT3Q, STM32H563IIT6, STM32H563MIY3QTR, STM32H563RGT6, STM32H563RGV6, STM32H563RIT6, STM32H563RIV6, STM32H563VGT6, STM32H563VIT3Q, STM32H563VIT6, STM32H563ZGT6, STM32H563ZIT3Q, STM32H563ZIT6, STM32H573AII3Q, STM32H573AII6, STM32H573I-DK, STM32H573IIK3Q, STM32H573IIK6, STM32H573IIT3Q, STM32H573IIT6, STM32H573MIY3QTR, STM32H573RIT6, STM32H573RIV6, STM32H573VIT3Q, STM32H573VIT6, STM32H573ZIT3Q, STM32H573ZIT6, STM32L4R5QGI6STR, STM32MP131AAE3, STM32MP131AAF3, STM32MP131AAG3, STM32MP131CAE3, STM32MP131CAF3, STM32MP131CAG3, STM32MP131DAE7, STM32MP131DAF7, STM32MP131DAG7, STM32MP131FAE7, STM32MP131FAF7, STM32MP131FAG7, STM32MP133AAE3, STM32MP133AAF3, STM32MP133AAG3, STM32MP133CAE3, STM32MP133CAF3, STM32MP133CAG3, STM32MP133DAE7, STM32MP133DAF7, STM32MP133DAG7, STM32MP133FAE7, STM32MP133FAF7, STM32MP133FAG7, STM32MP135AAE3, STM32MP135AAF3, STM32MP135AAG3, STM32MP135CAE3, STM32MP135CAF3, STM32MP135CAG3, STM32MP135DAE7, STM32MP135DAF7, STM32MP135DAG7, STM32MP135F-DK, STM32MP135FAE7, STM32MP135FAF7, STM32MP135FAF7T, STM32MP135FAF7U, STM32MP135FAG7, STM32U535CBT6, STM32U535CBT6Q, STM32U535CBU6, STM32U535CBU6Q, STM32U535CCT6, STM32U535CCT6Q, STM32U535CCU6, STM32U535CCU6Q, STM32U535CET6, STM32U535CET6Q, STM32U535CEU6, STM32U535CEU6Q, STM32U535JEY6QTR, STM32U535NCY6QTR, STM32U535NEY6QTR, STM32U535RBI6, STM32U535RBI6Q, STM32U535RBT6, STM32U535RBT6Q, STM32U535RCI6, STM32U535RCI6Q, STM32U535RCT6, STM32U535RCT6Q, STM32U535REI6, STM32U535REI6Q, STM32U535RET6, STM32U535RET6Q, STM32U535VCI6, STM32U535VCI6Q, STM32U535VCT6, STM32U535VCT6Q, STM32U535VEI6, STM32U535VEI6Q, STM32U535VET6, STM32U535VET6Q, STM32U545CET6, STM32U545CET6Q, STM32U545CEU6, STM32U545CEU6Q, STM32U545JEY6QTR, STM32U545NEY6QTR, STM32U545REI6, STM32U545REI6Q, STM32U545RET6, STM32U545RET6Q, STM32U545VEI6, STM32U545VEI6Q, STM32U545VET6, STM32U545VET6Q, STM32U595AIH6, STM32U595AIH6Q, STM32U595AJH6, STM32U595AJH6Q, STM32U595QII6, STM32U595QII6Q, STM32U595QJI6, STM32U595QJI6Q, STM32U595RIT6, STM32U595RIT6Q, STM32U595RJT6, STM32U595RJT6Q, STM32U595VIT6, STM32U595VIT6Q, STM32U595VJT6, STM32U595VJT6Q, STM32U595ZIT6, STM32U595ZIT6Q, STM32U595ZIY6QTR, STM32U595ZJT6, STM32U595ZJT6Q, STM32U595ZJY6QTR, STM32U599BJY6QTR, STM32U599NIH6Q, STM32U599NJH6Q, STM32U599VIT6Q, STM32U599VJT6, STM32U599VJT6Q, STM32U599ZIT6Q, STM32U599ZIY6QTR, STM32U599ZJT6Q, STM32U599ZJY6QTR, STM32U5A5AJH6, STM32U5A5AJH6Q, STM32U5A5QJI6, STM32U5A5QJI6Q, STM32U5A5RJT6, STM32U5A5RJT6Q, STM32U5A5VJT6, STM32U5A5VJT6Q, STM32U5A5ZJT6, STM32U5A5ZJT6Q, STM32U5A5ZJY6QTR, STM32U5A9BJY6QTR, STM32U5A9J-DK, STM32U5A9NJH6Q, STM32U5A9VJT6Q, STM32U5A9ZJT6Q, STM32U5A9ZJY6QTR, STM32WB1MMCH6, STM32WBA52CEU6, STM32WBA52CEU6T, STM32WBA52CGU6, STM32WBA52CGU6T, STM32WL5MOCH6, STM32WL5MOCH6TR]
2023-12-08 20:20:50,365 [INFO] DbMcus:216 - Found 3825 MCUs, 3825 are supported
2023-12-08 20:20:50,385 [INFO] ApiDb:423 - Load user favorites file C:\Users\santi/.stm32cubeide/favorites.mcus.txt: 0 item(s)
2023-12-08 20:20:50,385 [INFO] ApiDb:427 - User favorites MCUs=[]
2023-12-08 20:20:50,385 [INFO] DbMcus:222 - Set 0 / 0 favorites MCUs
2023-12-08 20:20:51,225 [WARN] ThirdParty:833 - waiting for thirdparty lock release [change project]
2023-12-08 20:20:51,225 [INFO] ThirdParty:835 - entering critical section [change project]
2023-12-08 20:20:51,225 [INFO] ThirdParty:1030 - CMSIS Pack Vendor :STMicroelectronics X-CUBE-ISPU 1.1.0
2023-12-08 20:20:51,225 [INFO] ThirdParty:1030 - CMSIS Pack Vendor :STMicroelectronics X-CUBE-GNSS1 6.0.0
2023-12-08 20:20:51,225 [INFO] ThirdParty:1030 - CMSIS Pack Vendor :STMicroelectronics USB_HOST 2.0.0
2023-12-08 20:20:51,225 [INFO] ThirdParty:1030 - CMSIS Pack Vendor :STMicroelectronics X-CUBE-AZRTOS-F4 1.1.0
2023-12-08 20:20:51,225 [INFO] ThirdParty:1030 - CMSIS Pack Vendor :STMicroelectronics LIBJPEG 8.0.0
2023-12-08 20:20:51,225 [INFO] ThirdParty:1030 - CMSIS Pack Vendor :STMicroelectronics X-CUBE-SMBUS 2.1.0
2023-12-08 20:20:51,225 [INFO] ThirdParty:1030 - CMSIS Pack Vendor :wolfSSL I-CUBE-wolfSSL 5.6.0
2023-12-08 20:20:51,225 [INFO] ThirdParty:1030 - CMSIS Pack Vendor :STMicroelectronics USB_DEVICE 3.0.0
2023-12-08 20:20:51,225 [INFO] ThirdParty:1030 - CMSIS Pack Vendor :STMicroelectronics X-CUBE-AZRTOS-WB 2.0.0
2023-12-08 20:20:51,225 [INFO] ThirdParty:1030 - CMSIS Pack Vendor :STMicroelectronics X-CUBE-FREERTOS 1.0.1
2023-12-08 20:20:51,225 [INFO] ThirdParty:1030 - CMSIS Pack Vendor :STMicroelectronics X-CUBE-AZRTOS-F7 1.1.0
2023-12-08 20:20:51,225 [INFO] ThirdParty:1030 - CMSIS Pack Vendor :STMicroelectronics X-CUBE-TOUCHGFX 4.21.4
2023-12-08 20:20:51,225 [INFO] ThirdParty:1030 - CMSIS Pack Vendor :STMicroelectronics X-CUBE-AZRTOS-L5 2.0.0
2023-12-08 20:20:51,225 [INFO] ThirdParty:1030 - CMSIS Pack Vendor :STMicroelectronics USB_DEVICE 2.0.0
2023-12-08 20:20:51,225 [INFO] ThirdParty:1030 - CMSIS Pack Vendor :STMicroelectronics X-CUBE-MEMS1 9.6.0
2023-12-08 20:20:51,225 [INFO] ThirdParty:1030 - CMSIS Pack Vendor :STMicroelectronics X-CUBE-EEPRMA1 4.2.0
2023-12-08 20:20:51,225 [INFO] ThirdParty:1030 - CMSIS Pack Vendor :ITTIA_DB I-CUBE-ITTIADB 8.8.0
2023-12-08 20:20:51,225 [INFO] ThirdParty:1030 - CMSIS Pack Vendor :STMicroelectronics FP-SNS-MOTENV1 4.3.2
2023-12-08 20:20:51,225 [INFO] ThirdParty:1030 - CMSIS Pack Vendor :STMicroelectronics FP-SNS-MOTENV1 4.3.1
2023-12-08 20:20:51,225 [INFO] ThirdParty:1030 - CMSIS Pack Vendor :STMicroelectronics FP-SNS-FLIGHT1 5.0.1
2023-12-08 20:20:51,225 [INFO] ThirdParty:1030 - CMSIS Pack Vendor :STMicroelectronics X-CUBE-ALGOBUILD 1.3.0
2023-12-08 20:20:51,225 [INFO] ThirdParty:1030 - CMSIS Pack Vendor :STMicroelectronics X-CUBE-BLE1 6.2.4
2023-12-08 20:20:51,225 [INFO] ThirdParty:1030 - CMSIS Pack Vendor :STMicroelectronics X-CUBE-AZRTOS-L5 1.1.0
2023-12-08 20:20:51,225 [INFO] ThirdParty:1030 - CMSIS Pack Vendor :STMicroelectronics FreeRTOS 0.0.1
2023-12-08 20:20:51,225 [INFO] ThirdParty:1030 - CMSIS Pack Vendor :STMicroelectronics X-CUBE-AZRTOS-G0 1.1.0
2023-12-08 20:20:51,225 [INFO] ThirdParty:1030 - CMSIS Pack Vendor :emotas I-CUBE-CANOPEN 1.1.3
2023-12-08 20:20:51,225 [INFO] ThirdParty:1030 - CMSIS Pack Vendor :STMicroelectronics X-CUBE-BLEMGR 2.0.0
2023-12-08 20:20:51,225 [INFO] ThirdParty:1030 - CMSIS Pack Vendor :STMicroelectronics X-CUBE-AI 8.0.1
2023-12-08 20:20:51,225 [INFO] ThirdParty:1030 - CMSIS Pack Vendor :STMicroelectronics X-CUBE-NFC4 3.0.0
2023-12-08 20:20:51,225 [INFO] ThirdParty:1030 - CMSIS Pack Vendor :STMicroelectronics X-CUBE-SUBG2 5.0.0
2023-12-08 20:20:51,225 [INFO] ThirdParty:1030 - CMSIS Pack Vendor :STMicroelectronics STM32_WPAN 1.0.0
2023-12-08 20:20:51,225 [INFO] ThirdParty:1030 - CMSIS Pack Vendor :STMicroelectronics lwIP 2.0.3
2023-12-08 20:20:51,225 [INFO] ThirdParty:1030 - CMSIS Pack Vendor :STMicroelectronics FP-SNS-FLIGHT1 5.0.2
2023-12-08 20:20:51,225 [INFO] ThirdParty:1030 - CMSIS Pack Vendor :STMicroelectronics USB_HOST 1.0.0
2023-12-08 20:20:51,225 [INFO] ThirdParty:1030 - CMSIS Pack Vendor :STMicroelectronics X-CUBE-TOF1 3.3.1
2023-12-08 20:20:51,225 [INFO] ThirdParty:1030 - CMSIS Pack Vendor :STMicroelectronics X-CUBE-AZRTOS-G4 2.0.0
2023-12-08 20:20:51,225 [INFO] ThirdParty:1030 - CMSIS Pack Vendor :STMicroelectronics PDM2PCM 3.1.0
2023-12-08 20:20:51,225 [INFO] ThirdParty:1030 - CMSIS Pack Vendor :STMicroelectronics X-CUBE-AZRTOS-H7 3.1.0
2023-12-08 20:20:51,225 [INFO] ThirdParty:1030 - CMSIS Pack Vendor :STMicroelectronics X-CUBE-TOF1 3.3.0
2023-12-08 20:20:51,225 [INFO] ThirdParty:1030 - CMSIS Pack Vendor :Infineon AIROC-Wi-Fi-Bluetooth-STM32 1.5.1
2023-12-08 20:20:51,235 [INFO] ThirdParty:1030 - CMSIS Pack Vendor :STMicroelectronics X-CUBE-BLEMGR 3.0.0
2023-12-08 20:20:51,235 [INFO] ThirdParty:1030 - CMSIS Pack Vendor :STMicroelectronics PDM2PCM 3.3.0
2023-12-08 20:20:51,235 [INFO] ThirdParty:1030 - CMSIS Pack Vendor :STMicroelectronics X-CUBE-DISPLAY 3.0.0
2023-12-08 20:20:51,235 [INFO] ThirdParty:1030 - CMSIS Pack Vendor :STMicroelectronics FP-SNS-MOTENVWB1 1.3.1
2023-12-08 20:20:51,235 [INFO] ThirdParty:1030 - CMSIS Pack Vendor :STMicroelectronics X-CUBE-BLE1 7.0.0
2023-12-08 20:20:51,235 [INFO] ThirdParty:1030 - CMSIS Pack Vendor :STMicroelectronics FP-ATR-SIGFOX1 3.2.0
2023-12-08 20:20:51,235 [INFO] ThirdParty:1030 - CMSIS Pack Vendor :STMicroelectronics X-CUBE-ISPU 2.0.0
2023-12-08 20:20:51,235 [INFO] ThirdParty:1030 - CMSIS Pack Vendor :STMicroelectronics HAL Drivers 0.0.0
2023-12-08 20:20:51,235 [INFO] ThirdParty:1030 - CMSIS Pack Vendor :STMicroelectronics MBEDTLS 2.16.2
2023-12-08 20:20:51,235 [INFO] ThirdParty:1030 - CMSIS Pack Vendor :STMicroelectronics X-CUBE-MEMS1 10.0.0
2023-12-08 20:20:51,235 [INFO] ThirdParty:1030 - CMSIS Pack Vendor :STMicroelectronics X-CUBE-FREERTOS 1.1.0
2023-12-08 20:20:51,235 [INFO] ThirdParty:1030 - CMSIS Pack Vendor :STMicroelectronics X-CUBE-TOUCHGFX 4.22.0
2023-12-08 20:20:51,235 [INFO] ThirdParty:1030 - CMSIS Pack Vendor :STMicroelectronics X-CUBE-NFC7 1.0.1
2023-12-08 20:20:51,235 [INFO] ThirdParty:1030 - CMSIS Pack Vendor :STMicroelectronics MBEDTLS 2.14.1
2023-12-08 20:20:51,235 [INFO] ThirdParty:1030 - CMSIS Pack Vendor :STMicroelectronics X-CUBE-NFC7 1.0.0
2023-12-08 20:20:51,235 [INFO] ThirdParty:1030 - CMSIS Pack Vendor :STMicroelectronics X-CUBE-TOUCHGFX 4.22.1
2023-12-08 20:20:51,235 [INFO] ThirdParty:1030 - CMSIS Pack Vendor :STMicroelectronics X-CUBE-NFC6 3.0.0
2023-12-08 20:20:51,235 [INFO] ThirdParty:1030 - CMSIS Pack Vendor :STMicroelectronics X-CUBE-EEPRMA1 4.1.0
2023-12-08 20:20:51,235 [INFO] ThirdParty:1030 - CMSIS Pack Vendor :portGmbH I-Cube-SoM-uGOAL 1.1.0
2023-12-08 20:20:51,235 [INFO] ThirdParty:1030 - CMSIS Pack Vendor :STMicroelectronics X-CUBE-ALS 1.0.1
2023-12-08 20:20:51,235 [INFO] ThirdParty:1030 - CMSIS Pack Vendor :STMicroelectronics ThreadX 1.0.0
2023-12-08 20:20:51,235 [INFO] ThirdParty:1030 - CMSIS Pack Vendor :STMicroelectronics FP-SNS-SMARTAG2 1.2.0
2023-12-08 20:20:51,235 [INFO] ThirdParty:1030 - CMSIS Pack Vendor :STMicroelectronics X-CUBE-AZRTOS-WB 1.1.0
2023-12-08 20:20:51,235 [INFO] ThirdParty:1030 - CMSIS Pack Vendor :STMicroelectronics X-CUBE-AZRTOS-WL 2.0.0
2023-12-08 20:20:51,235 [INFO] ThirdParty:1030 - CMSIS Pack Vendor :SEGGER I-CUBE-embOS 1.3.1
2023-12-08 20:20:51,235 [INFO] ThirdParty:1030 - CMSIS Pack Vendor :STMicroelectronics USB_DEVICE 1.0.0
2023-12-08 20:20:51,235 [INFO] ThirdParty:1030 - CMSIS Pack Vendor :STMicroelectronics X-CUBE-AI 8.1.0
2023-12-08 20:20:51,235 [INFO] ThirdParty:1030 - CMSIS Pack Vendor :STMicroelectronics X-CUBE-AZRTOS-L4 2.0.0
2023-12-08 20:20:51,235 [INFO] ThirdParty:1030 - CMSIS Pack Vendor :STMicroelectronics ThreadX 0.0.2
2023-12-08 20:20:51,235 [INFO] ThirdParty:1030 - CMSIS Pack Vendor :WES I-CUBE-Cesium 1.3.0
2023-12-08 20:20:51,235 [INFO] ThirdParty:1030 - CMSIS Pack Vendor :STMicroelectronics FP-ATR-ASTRA1 2.0.0
2023-12-08 20:20:51,235 [INFO] ThirdParty:1030 - CMSIS Pack Vendor :STMicroelectronics lwIP 2.1.2
2023-12-08 20:20:51,235 [INFO] ThirdParty:1030 - CMSIS Pack Vendor :STMicroelectronics X-CUBE-SFXS2LP1 4.0.0
2023-12-08 20:20:51,235 [INFO] ThirdParty:1030 - CMSIS Pack Vendor :STMicroelectronics X-CUBE-BLE2 3.3.0
2023-12-08 20:20:51,235 [INFO] ThirdParty:1030 - CMSIS Pack Vendor :STMicroelectronics X-CUBE-TOF1 3.4.0
2023-12-08 20:20:51,235 [INFO] ThirdParty:1030 - CMSIS Pack Vendor :STMicroelectronics X-CUBE-AZRTOS-H7 3.2.0
2023-12-08 20:20:51,235 [INFO] ThirdParty:1030 - CMSIS Pack Vendor :STMicroelectronics PDM2PCM 3.2.0
2023-12-08 20:20:51,235 [INFO] ThirdParty:841 - exiting critical section [change project]
2023-12-08 20:20:52,135 [INFO] PinOutPanel:1499 - setPackage(No Configuration,No Configuration)
2023-12-08 20:20:52,135 [INFO] PinOutPanel:1499 - setPackage(STM32F401RETx,LQFP64)
2023-12-08 20:20:53,825 [INFO] UtilMem:75 - Before build in PCC Used Memory: 493958832 Bytes (658505728)
2023-12-08 20:20:58,281 [INFO] UtilMem:75 - After build in PCC Used Memory: 564716968 Bytes (658505728)
2023-12-08 20:20:58,550 [INFO] ApiDbMcu:507 - Load IP Config File for FREERTOS
2023-12-08 20:20:58,600 [INFO] IPUIPlugin:80 - create IPUIPlugin
2023-12-08 20:20:58,600 [INFO] IPUIPlugin:80 - create IPUIPlugin
2023-12-08 20:20:58,600 [INFO] IPUIPlugin:80 - create IPUIPlugin
2023-12-08 20:20:58,610 [INFO] IPUIPlugin:80 - create IPUIPlugin
2023-12-08 20:20:58,610 [INFO] IPUIPlugin:80 - create IPUIPlugin
2023-12-08 20:20:58,610 [INFO] IPUIPlugin:80 - create IPUIPlugin
2023-12-08 20:20:58,610 [INFO] IPUIPlugin:80 - create IPUIPlugin
2023-12-08 20:20:58,610 [INFO] IPUIPlugin:80 - create IPUIPlugin
2023-12-08 20:20:58,610 [INFO] IPUIPlugin:80 - create IPUIPlugin
2023-12-08 20:20:58,610 [INFO] IPUIPlugin:80 - create IPUIPlugin
2023-12-08 20:20:58,610 [INFO] IPUIPlugin:80 - create IPUIPlugin
2023-12-08 20:20:58,610 [INFO] IPUIPlugin:80 - create IPUIPlugin
2023-12-08 20:20:58,610 [INFO] IPUIPlugin:80 - create IPUIPlugin
2023-12-08 20:20:58,620 [INFO] IPUIPlugin:80 - create IPUIPlugin
2023-12-08 20:20:58,710 [INFO] IPUIPlugin:80 - create IPUIPlugin
2023-12-08 20:20:58,710 [INFO] IPUIPlugin:80 - create IPUIPlugin
2023-12-08 20:20:58,710 [INFO] IPUIPlugin:80 - create IPUIPlugin
2023-12-08 20:20:58,710 [INFO] IPUIPlugin:80 - create IPUIPlugin
2023-12-08 20:20:58,710 [INFO] IPUIPlugin:80 - create IPUIPlugin
2023-12-08 20:20:58,710 [INFO] IPUIPlugin:80 - create IPUIPlugin
2023-12-08 20:20:58,710 [INFO] IPUIPlugin:80 - create IPUIPlugin
2023-12-08 20:20:58,710 [INFO] IPUIPlugin:80 - create IPUIPlugin
2023-12-08 20:20:58,720 [INFO] IPUIPlugin:80 - create IPUIPlugin
2023-12-08 20:20:58,720 [INFO] IPUIPlugin:80 - create IPUIPlugin
2023-12-08 20:20:58,720 [INFO] IPUIPlugin:80 - create IPUIPlugin
2023-12-08 20:20:58,720 [INFO] IPUIPlugin:80 - create IPUIPlugin
2023-12-08 20:20:58,720 [INFO] IPUIPlugin:80 - create IPUIPlugin
2023-12-08 20:20:58,720 [INFO] IPUIPlugin:80 - create IPUIPlugin
2023-12-08 20:20:58,720 [INFO] IPUIPlugin:80 - create IPUIPlugin
2023-12-08 20:20:58,720 [INFO] IPUIPlugin:80 - create IPUIPlugin
2023-12-08 20:20:58,720 [INFO] IPUIPlugin:80 - create IPUIPlugin
2023-12-08 20:20:58,720 [INFO] IPUIPlugin:80 - create IPUIPlugin
2023-12-08 20:20:58,720 [INFO] IPUIPlugin:80 - create IPUIPlugin
2023-12-08 20:20:58,720 [INFO] IPUIPlugin:80 - create IPUIPlugin
2023-12-08 20:20:58,720 [INFO] IPUIPlugin:80 - create IPUIPlugin
2023-12-08 20:20:58,730 [INFO] IPUIPlugin:80 - create IPUIPlugin
2023-12-08 20:20:58,730 [INFO] IPUIPlugin:80 - create IPUIPlugin
2023-12-08 20:20:58,730 [INFO] IPUIPlugin:80 - create IPUIPlugin
2023-12-08 20:20:58,800 [INFO] ApiDbMcu:507 - Load IP Config File for PDM2PCM
2023-12-08 20:20:58,850 [WARN] IP:2113 - I2C_Coeff_DF not found: check if there is a RefParameter without a condition.
2023-12-08 20:20:58,850 [WARN] IP:2113 - Analog_Filter not found: check if there is a RefParameter without a condition.
2023-12-08 20:20:59,040 [WARN] FreeRTOS:1023 - Null or empty value: should not occur! (nothing added to the table)
2023-12-08 20:21:00,490 [INFO] CADModel:165 - CPN selected for project levelSTM32F401RET6
2023-12-08 20:21:00,490 [INFO] CADModel:114 - Register for checkConnection events
2023-12-08 20:21:00,500 [INFO] RtosManager:697 - Active RTOS found at IOC load: FREERTOS [Cortex-M4NS]
2023-12-08 20:21:00,600 [INFO] OpenFileManager:328 - Restore cursor
2023-12-08 20:21:02,590 [WARN] IP:2113 - I2C_Coeff_DF not found: check if there is a RefParameter without a condition.
2023-12-08 20:21:02,590 [WARN] IP:2113 - Analog_Filter not found: check if there is a RefParameter without a condition.
2023-12-08 20:21:02,590 [WARN] IP:2113 - I2C_Coeff_DF not found: check if there is a RefParameter without a condition.
2023-12-08 20:21:02,590 [WARN] IP:2113 - Analog_Filter not found: check if there is a RefParameter without a condition.
2023-12-08 20:34:44,098 [INFO] MainUpdater:2854 - connection check result : 10
2023-12-08 20:34:44,098 [INFO] MainUpdater:2854 - connection check result : 10
2023-12-08 20:34:45,781 [INFO] MicroXplorer:468 - Change Database Path : 
2023-12-08 20:34:45,781 [INFO] MicroXplorer:498 - Change Database Version : DB.6.0.80
2023-12-08 20:34:45,873 [WARN] ThirdParty:871 - waiting for thirdparty lock release [close project]
2023-12-08 20:34:45,873 [INFO] ThirdParty:873 - entering critical section [close project]
2023-12-08 20:34:45,873 [INFO] ThirdParty:883 - exiting critical section [close project]
2023-12-08 20:34:45,875 [INFO] PinOutPanel:1499 - setPackage(No Configuration,No Configuration)
2023-12-08 20:34:45,917 [WARN] IpParametersView:150 - Warning: This peripheral hasn't parameters
2023-12-08 20:34:45,947 [WARN] MainPanel:257 - <html><b><center>Warning: This peripheral has no parameters to be configured<br></b></html>
2023-12-08 20:34:45,987 [INFO] UtilMem:75 - Begin LoadConfig() Used Memory: 535110960 Bytes (687865856)
2023-12-08 20:34:45,987 [INFO] MicroXplorer:468 - Change Database Path : 
2023-12-08 20:34:45,987 [INFO] MicroXplorer:498 - Change Database Version : DB.6.0.80
2023-12-08 20:34:45,987 [INFO] OpenFileManager:308 - Change cursor
2023-12-08 20:34:46,016 [INFO] Mcu:1937 - Initializing MCU STM32F401R(D-E)Tx STM32F401RETx STM32F401RET6
2023-12-08 20:34:48,396 [INFO] Context:659 - Trying to add GPIOservice into a context  which must be forbidden
2023-12-08 20:34:49,488 [INFO] RtosManager:555 - Registered RTOS mode: class=CMSIS, group=RTOS, mode=CMSIS_V1, owner=FREERTOS
2023-12-08 20:34:49,488 [INFO] RtosManager:555 - Registered RTOS mode: class=CMSIS, group=RTOS2, mode=CMSIS_V2, owner=FREERTOS
2023-12-08 20:34:49,488 [INFO] RtosManager:555 - Registered RTOS mode: class=RTOS, group=Core, mode=CMSIS_V1, owner=FREERTOS
2023-12-08 20:34:49,488 [INFO] RtosManager:555 - Registered RTOS mode: class=RTOS, group=Core, mode=CMSIS_V2, owner=FREERTOS
2023-12-08 20:34:49,488 [WARN] ModelIntegratedComponent:184 - Missing modes for component STMicroelectronics:FreeRTOS:0.0.1:STMicroelectronics:RTOS:FreeRTOS:Core:::10.2.0:
2023-12-08 20:34:49,518 [WARN] ModelIntegratedComponent:63 - No mode defined for component null
2023-12-08 20:34:49,518 [WARN] ModelIntegratedComponent:63 - No mode defined for component null
2023-12-08 20:34:49,528 [WARN] ModelIntegratedComponent:63 - No mode defined for component null
2023-12-08 20:34:49,528 [WARN] ModelIntegratedComponent:63 - No mode defined for component null
2023-12-08 20:34:49,528 [WARN] ModelIntegratedComponent:63 - No mode defined for component null
2023-12-08 20:34:49,528 [WARN] ModelIntegratedComponent:63 - No mode defined for component null
2023-12-08 20:34:49,528 [WARN] ModelIntegratedComponent:63 - No mode defined for component null
2023-12-08 20:34:49,528 [WARN] ModelIntegratedComponent:63 - No mode defined for component null
2023-12-08 20:34:49,528 [WARN] ModelIntegratedComponent:63 - No mode defined for component null
2023-12-08 20:34:49,528 [WARN] ModelIntegratedComponent:63 - No mode defined for component null
2023-12-08 20:34:49,528 [WARN] ModelIntegratedComponent:63 - No mode defined for component null
2023-12-08 20:34:49,528 [WARN] ModelIntegratedComponent:63 - No mode defined for component null
2023-12-08 20:34:49,528 [WARN] ModelIntegratedComponent:63 - No mode defined for component null
2023-12-08 20:34:49,528 [WARN] ModelIntegratedComponent:63 - No mode defined for component null
2023-12-08 20:34:49,528 [WARN] ModelIntegratedComponent:63 - No mode defined for component null
2023-12-08 20:34:49,528 [WARN] ModelIntegratedComponent:63 - No mode defined for component null
2023-12-08 20:34:49,528 [WARN] ModelIntegratedComponent:63 - No mode defined for component null
2023-12-08 20:34:49,528 [WARN] ModelIntegratedComponent:63 - No mode defined for component null
2023-12-08 20:34:49,528 [WARN] ModelIntegratedComponent:63 - No mode defined for component null
2023-12-08 20:34:49,528 [WARN] ModelIntegratedComponent:63 - No mode defined for component null
2023-12-08 20:34:49,528 [WARN] ModelIntegratedComponent:63 - No mode defined for component null
2023-12-08 20:34:49,528 [WARN] ModelIntegratedComponent:63 - No mode defined for component null
2023-12-08 20:34:49,528 [WARN] ModelIntegratedComponent:63 - No mode defined for component null
2023-12-08 20:34:49,528 [WARN] ModelIntegratedComponent:63 - No mode defined for component null
2023-12-08 20:34:49,528 [WARN] ModelIntegratedComponent:63 - No mode defined for component null
2023-12-08 20:34:49,528 [WARN] ModelIntegratedComponent:63 - No mode defined for component null
2023-12-08 20:34:49,528 [WARN] ModelIntegratedComponent:63 - No mode defined for component null
2023-12-08 20:34:49,528 [WARN] ModelIntegratedComponent:63 - No mode defined for component null
2023-12-08 20:34:49,528 [WARN] ModelIntegratedComponent:63 - No mode defined for component null
2023-12-08 20:34:49,528 [WARN] ModelIntegratedComponent:63 - No mode defined for component null
2023-12-08 20:34:49,528 [WARN] ModelIntegratedComponent:63 - No mode defined for component null
2023-12-08 20:34:49,528 [WARN] ModelIntegratedComponent:63 - No mode defined for component null
2023-12-08 20:34:49,528 [WARN] ModelIntegratedComponent:63 - No mode defined for component null
2023-12-08 20:34:49,716 [INFO] ThirdPartyModel:298 - Start build external matchings
2023-12-08 20:34:51,048 [INFO] ThirdPartyModel:316 - End build external matchings
2023-12-08 20:34:51,088 [INFO] ImportTextPane:194 - (OptionalMessage_ERROR) IP (RCC) : Parameter (RTCHSEDivFreq_Value) has invalid value (4000000)
2023-12-08 20:34:51,646 [INFO] UtilMem:75 - End LoadConfig() Used Memory: 578627632 Bytes (687865856)
2023-12-08 20:34:51,669 [WARN] ThirdParty:833 - waiting for thirdparty lock release [change project]
2023-12-08 20:34:51,674 [INFO] ThirdParty:835 - entering critical section [change project]
2023-12-08 20:34:51,681 [INFO] ThirdParty:1030 - CMSIS Pack Vendor :STMicroelectronics X-CUBE-ISPU 1.1.0
2023-12-08 20:34:51,681 [INFO] ThirdParty:1030 - CMSIS Pack Vendor :STMicroelectronics X-CUBE-GNSS1 6.0.0
2023-12-08 20:34:51,681 [INFO] ThirdParty:1030 - CMSIS Pack Vendor :STMicroelectronics USB_HOST 2.0.0
2023-12-08 20:34:51,681 [INFO] ThirdParty:1030 - CMSIS Pack Vendor :STMicroelectronics X-CUBE-AZRTOS-F4 1.1.0
2023-12-08 20:34:51,681 [INFO] ThirdParty:1030 - CMSIS Pack Vendor :STMicroelectronics LIBJPEG 8.0.0
2023-12-08 20:34:51,681 [INFO] ThirdParty:1030 - CMSIS Pack Vendor :STMicroelectronics X-CUBE-SMBUS 2.1.0
2023-12-08 20:34:51,681 [INFO] ThirdParty:1030 - CMSIS Pack Vendor :wolfSSL I-CUBE-wolfSSL 5.6.0
2023-12-08 20:34:51,681 [INFO] ThirdParty:1030 - CMSIS Pack Vendor :STMicroelectronics USB_DEVICE 3.0.0
2023-12-08 20:34:51,681 [INFO] ThirdParty:1030 - CMSIS Pack Vendor :STMicroelectronics X-CUBE-AZRTOS-WB 2.0.0
2023-12-08 20:34:51,681 [INFO] ThirdParty:1030 - CMSIS Pack Vendor :STMicroelectronics X-CUBE-FREERTOS 1.0.1
2023-12-08 20:34:51,681 [INFO] ThirdParty:1030 - CMSIS Pack Vendor :STMicroelectronics X-CUBE-AZRTOS-F7 1.1.0
2023-12-08 20:34:51,681 [INFO] ThirdParty:1030 - CMSIS Pack Vendor :STMicroelectronics X-CUBE-TOUCHGFX 4.21.4
2023-12-08 20:34:51,686 [INFO] ThirdParty:1030 - CMSIS Pack Vendor :STMicroelectronics X-CUBE-AZRTOS-L5 2.0.0
2023-12-08 20:34:51,687 [INFO] ThirdParty:1030 - CMSIS Pack Vendor :STMicroelectronics USB_DEVICE 2.0.0
2023-12-08 20:34:51,688 [INFO] ThirdParty:1030 - CMSIS Pack Vendor :STMicroelectronics X-CUBE-MEMS1 9.6.0
2023-12-08 20:34:51,688 [INFO] ThirdParty:1030 - CMSIS Pack Vendor :STMicroelectronics X-CUBE-EEPRMA1 4.2.0
2023-12-08 20:34:51,688 [INFO] ThirdParty:1030 - CMSIS Pack Vendor :ITTIA_DB I-CUBE-ITTIADB 8.8.0
2023-12-08 20:34:51,688 [INFO] ThirdParty:1030 - CMSIS Pack Vendor :STMicroelectronics FP-SNS-MOTENV1 4.3.2
2023-12-08 20:34:51,688 [INFO] ThirdParty:1030 - CMSIS Pack Vendor :STMicroelectronics FP-SNS-MOTENV1 4.3.1
2023-12-08 20:34:51,688 [INFO] ThirdParty:1030 - CMSIS Pack Vendor :STMicroelectronics FP-SNS-FLIGHT1 5.0.1
2023-12-08 20:34:51,688 [INFO] ThirdParty:1030 - CMSIS Pack Vendor :STMicroelectronics X-CUBE-ALGOBUILD 1.3.0
2023-12-08 20:34:51,688 [INFO] ThirdParty:1030 - CMSIS Pack Vendor :STMicroelectronics X-CUBE-BLE1 6.2.4
2023-12-08 20:34:51,688 [INFO] ThirdParty:1030 - CMSIS Pack Vendor :STMicroelectronics X-CUBE-AZRTOS-L5 1.1.0
2023-12-08 20:34:51,688 [INFO] ThirdParty:1030 - CMSIS Pack Vendor :STMicroelectronics FreeRTOS 0.0.1
2023-12-08 20:34:51,689 [INFO] ThirdParty:1030 - CMSIS Pack Vendor :STMicroelectronics X-CUBE-AZRTOS-G0 1.1.0
2023-12-08 20:34:51,689 [INFO] ThirdParty:1030 - CMSIS Pack Vendor :emotas I-CUBE-CANOPEN 1.1.3
2023-12-08 20:34:51,689 [INFO] ThirdParty:1030 - CMSIS Pack Vendor :STMicroelectronics X-CUBE-BLEMGR 2.0.0
2023-12-08 20:34:51,689 [INFO] ThirdParty:1030 - CMSIS Pack Vendor :STMicroelectronics X-CUBE-AI 8.0.1
2023-12-08 20:34:51,689 [INFO] ThirdParty:1030 - CMSIS Pack Vendor :STMicroelectronics X-CUBE-NFC4 3.0.0
2023-12-08 20:34:51,689 [INFO] ThirdParty:1030 - CMSIS Pack Vendor :STMicroelectronics X-CUBE-SUBG2 5.0.0
2023-12-08 20:34:51,689 [INFO] ThirdParty:1030 - CMSIS Pack Vendor :STMicroelectronics STM32_WPAN 1.0.0
2023-12-08 20:34:51,689 [INFO] ThirdParty:1030 - CMSIS Pack Vendor :STMicroelectronics lwIP 2.0.3
2023-12-08 20:34:51,689 [INFO] ThirdParty:1030 - CMSIS Pack Vendor :STMicroelectronics FP-SNS-FLIGHT1 5.0.2
2023-12-08 20:34:51,689 [INFO] ThirdParty:1030 - CMSIS Pack Vendor :STMicroelectronics USB_HOST 1.0.0
2023-12-08 20:34:51,689 [INFO] ThirdParty:1030 - CMSIS Pack Vendor :STMicroelectronics X-CUBE-TOF1 3.3.1
2023-12-08 20:34:51,689 [INFO] ThirdParty:1030 - CMSIS Pack Vendor :STMicroelectronics X-CUBE-AZRTOS-G4 2.0.0
2023-12-08 20:34:51,689 [INFO] ThirdParty:1030 - CMSIS Pack Vendor :STMicroelectronics PDM2PCM 3.1.0
2023-12-08 20:34:51,690 [INFO] ThirdParty:1030 - CMSIS Pack Vendor :STMicroelectronics X-CUBE-AZRTOS-H7 3.1.0
2023-12-08 20:34:51,690 [INFO] ThirdParty:1030 - CMSIS Pack Vendor :STMicroelectronics X-CUBE-TOF1 3.3.0
2023-12-08 20:34:51,690 [INFO] ThirdParty:1030 - CMSIS Pack Vendor :Infineon AIROC-Wi-Fi-Bluetooth-STM32 1.5.1
2023-12-08 20:34:51,690 [INFO] ThirdParty:1030 - CMSIS Pack Vendor :STMicroelectronics X-CUBE-BLEMGR 3.0.0
2023-12-08 20:34:51,690 [INFO] ThirdParty:1030 - CMSIS Pack Vendor :STMicroelectronics PDM2PCM 3.3.0
2023-12-08 20:34:51,690 [INFO] ThirdParty:1030 - CMSIS Pack Vendor :STMicroelectronics X-CUBE-DISPLAY 3.0.0
2023-12-08 20:34:51,690 [INFO] ThirdParty:1030 - CMSIS Pack Vendor :STMicroelectronics FP-SNS-MOTENVWB1 1.3.1
2023-12-08 20:34:51,690 [INFO] ThirdParty:1030 - CMSIS Pack Vendor :STMicroelectronics X-CUBE-BLE1 7.0.0
2023-12-08 20:34:51,692 [INFO] ThirdParty:1030 - CMSIS Pack Vendor :STMicroelectronics FP-ATR-SIGFOX1 3.2.0
2023-12-08 20:34:51,692 [INFO] ThirdParty:1030 - CMSIS Pack Vendor :STMicroelectronics X-CUBE-ISPU 2.0.0
2023-12-08 20:34:51,693 [INFO] ThirdParty:1030 - CMSIS Pack Vendor :STMicroelectronics HAL Drivers 0.0.0
2023-12-08 20:34:51,693 [INFO] ThirdParty:1030 - CMSIS Pack Vendor :STMicroelectronics MBEDTLS 2.16.2
2023-12-08 20:34:51,693 [INFO] ThirdParty:1030 - CMSIS Pack Vendor :STMicroelectronics X-CUBE-MEMS1 10.0.0
2023-12-08 20:34:51,693 [INFO] ThirdParty:1030 - CMSIS Pack Vendor :STMicroelectronics X-CUBE-FREERTOS 1.1.0
2023-12-08 20:34:51,693 [INFO] ThirdParty:1030 - CMSIS Pack Vendor :STMicroelectronics X-CUBE-TOUCHGFX 4.22.0
2023-12-08 20:34:51,693 [INFO] ThirdParty:1030 - CMSIS Pack Vendor :STMicroelectronics X-CUBE-NFC7 1.0.1
2023-12-08 20:34:51,693 [INFO] ThirdParty:1030 - CMSIS Pack Vendor :STMicroelectronics MBEDTLS 2.14.1
2023-12-08 20:34:51,693 [INFO] ThirdParty:1030 - CMSIS Pack Vendor :STMicroelectronics X-CUBE-NFC7 1.0.0
2023-12-08 20:34:51,693 [INFO] ThirdParty:1030 - CMSIS Pack Vendor :STMicroelectronics X-CUBE-TOUCHGFX 4.22.1
2023-12-08 20:34:51,693 [INFO] ThirdParty:1030 - CMSIS Pack Vendor :STMicroelectronics X-CUBE-NFC6 3.0.0
2023-12-08 20:34:51,693 [INFO] ThirdParty:1030 - CMSIS Pack Vendor :STMicroelectronics X-CUBE-EEPRMA1 4.1.0
2023-12-08 20:34:51,693 [INFO] ThirdParty:1030 - CMSIS Pack Vendor :portGmbH I-Cube-SoM-uGOAL 1.1.0
2023-12-08 20:34:51,693 [INFO] ThirdParty:1030 - CMSIS Pack Vendor :STMicroelectronics X-CUBE-ALS 1.0.1
2023-12-08 20:34:51,693 [INFO] ThirdParty:1030 - CMSIS Pack Vendor :STMicroelectronics ThreadX 1.0.0
2023-12-08 20:34:51,694 [INFO] ThirdParty:1030 - CMSIS Pack Vendor :STMicroelectronics FP-SNS-SMARTAG2 1.2.0
2023-12-08 20:34:51,694 [INFO] ThirdParty:1030 - CMSIS Pack Vendor :STMicroelectronics X-CUBE-AZRTOS-WB 1.1.0
2023-12-08 20:34:51,694 [INFO] ThirdParty:1030 - CMSIS Pack Vendor :STMicroelectronics X-CUBE-AZRTOS-WL 2.0.0
2023-12-08 20:34:51,694 [INFO] ThirdParty:1030 - CMSIS Pack Vendor :SEGGER I-CUBE-embOS 1.3.1
2023-12-08 20:34:51,694 [INFO] ThirdParty:1030 - CMSIS Pack Vendor :STMicroelectronics USB_DEVICE 1.0.0
2023-12-08 20:34:51,694 [INFO] ThirdParty:1030 - CMSIS Pack Vendor :STMicroelectronics X-CUBE-AI 8.1.0
2023-12-08 20:34:51,694 [INFO] ThirdParty:1030 - CMSIS Pack Vendor :STMicroelectronics X-CUBE-AZRTOS-L4 2.0.0
2023-12-08 20:34:51,694 [INFO] ThirdParty:1030 - CMSIS Pack Vendor :STMicroelectronics ThreadX 0.0.2
2023-12-08 20:34:51,694 [INFO] ThirdParty:1030 - CMSIS Pack Vendor :WES I-CUBE-Cesium 1.3.0
2023-12-08 20:34:51,694 [INFO] ThirdParty:1030 - CMSIS Pack Vendor :STMicroelectronics FP-ATR-ASTRA1 2.0.0
2023-12-08 20:34:51,694 [INFO] ThirdParty:1030 - CMSIS Pack Vendor :STMicroelectronics lwIP 2.1.2
2023-12-08 20:34:51,694 [INFO] ThirdParty:1030 - CMSIS Pack Vendor :STMicroelectronics X-CUBE-SFXS2LP1 4.0.0
2023-12-08 20:34:51,695 [INFO] ThirdParty:1030 - CMSIS Pack Vendor :STMicroelectronics X-CUBE-BLE2 3.3.0
2023-12-08 20:34:51,695 [INFO] ThirdParty:1030 - CMSIS Pack Vendor :STMicroelectronics X-CUBE-TOF1 3.4.0
2023-12-08 20:34:51,695 [INFO] ThirdParty:1030 - CMSIS Pack Vendor :STMicroelectronics X-CUBE-AZRTOS-H7 3.2.0
2023-12-08 20:34:51,695 [INFO] ThirdParty:1030 - CMSIS Pack Vendor :STMicroelectronics PDM2PCM 3.2.0
2023-12-08 20:34:51,695 [INFO] ThirdParty:841 - exiting critical section [change project]
2023-12-08 20:34:52,381 [INFO] PinOutPanel:1499 - setPackage(No Configuration,No Configuration)
2023-12-08 20:34:52,391 [INFO] PinOutPanel:1499 - setPackage(STM32F401RETx,LQFP64)
2023-12-08 20:34:54,041 [INFO] UtilMem:75 - Before build in PCC Used Memory: 599631776 Bytes (687865856)
2023-12-08 20:34:55,505 [INFO] UtilMem:75 - After build in PCC Used Memory: 592048136 Bytes (687865856)
2023-12-08 20:34:55,546 [INFO] IPUIPlugin:80 - create IPUIPlugin
2023-12-08 20:34:55,546 [INFO] IPUIPlugin:80 - create IPUIPlugin
2023-12-08 20:34:55,546 [INFO] IPUIPlugin:80 - create IPUIPlugin
2023-12-08 20:34:55,546 [INFO] IPUIPlugin:80 - create IPUIPlugin
2023-12-08 20:34:55,546 [INFO] IPUIPlugin:80 - create IPUIPlugin
2023-12-08 20:34:55,553 [INFO] IPUIPlugin:80 - create IPUIPlugin
2023-12-08 20:34:55,554 [INFO] IPUIPlugin:80 - create IPUIPlugin
2023-12-08 20:34:55,554 [INFO] IPUIPlugin:80 - create IPUIPlugin
2023-12-08 20:34:55,554 [INFO] IPUIPlugin:80 - create IPUIPlugin
2023-12-08 20:34:55,554 [INFO] IPUIPlugin:80 - create IPUIPlugin
2023-12-08 20:34:55,554 [INFO] IPUIPlugin:80 - create IPUIPlugin
2023-12-08 20:34:55,555 [INFO] IPUIPlugin:80 - create IPUIPlugin
2023-12-08 20:34:55,555 [INFO] IPUIPlugin:80 - create IPUIPlugin
2023-12-08 20:34:55,555 [INFO] IPUIPlugin:80 - create IPUIPlugin
2023-12-08 20:34:55,556 [INFO] IPUIPlugin:80 - create IPUIPlugin
2023-12-08 20:34:55,556 [INFO] IPUIPlugin:80 - create IPUIPlugin
2023-12-08 20:34:55,556 [INFO] IPUIPlugin:80 - create IPUIPlugin
2023-12-08 20:34:55,556 [INFO] IPUIPlugin:80 - create IPUIPlugin
2023-12-08 20:34:55,557 [INFO] IPUIPlugin:80 - create IPUIPlugin
2023-12-08 20:34:55,557 [INFO] IPUIPlugin:80 - create IPUIPlugin
2023-12-08 20:34:55,558 [INFO] IPUIPlugin:80 - create IPUIPlugin
2023-12-08 20:34:55,558 [INFO] IPUIPlugin:80 - create IPUIPlugin
2023-12-08 20:34:55,558 [INFO] IPUIPlugin:80 - create IPUIPlugin
2023-12-08 20:34:55,558 [INFO] IPUIPlugin:80 - create IPUIPlugin
2023-12-08 20:34:55,558 [INFO] IPUIPlugin:80 - create IPUIPlugin
2023-12-08 20:34:55,558 [INFO] IPUIPlugin:80 - create IPUIPlugin
2023-12-08 20:34:55,558 [INFO] IPUIPlugin:80 - create IPUIPlugin
2023-12-08 20:34:55,558 [INFO] IPUIPlugin:80 - create IPUIPlugin
2023-12-08 20:34:55,558 [INFO] IPUIPlugin:80 - create IPUIPlugin
2023-12-08 20:34:55,558 [INFO] IPUIPlugin:80 - create IPUIPlugin
2023-12-08 20:34:55,558 [INFO] IPUIPlugin:80 - create IPUIPlugin
2023-12-08 20:34:55,558 [INFO] IPUIPlugin:80 - create IPUIPlugin
2023-12-08 20:34:55,558 [INFO] IPUIPlugin:80 - create IPUIPlugin
2023-12-08 20:34:55,558 [INFO] IPUIPlugin:80 - create IPUIPlugin
2023-12-08 20:34:55,558 [INFO] IPUIPlugin:80 - create IPUIPlugin
2023-12-08 20:34:55,558 [INFO] IPUIPlugin:80 - create IPUIPlugin
2023-12-08 20:34:55,565 [INFO] IPUIPlugin:80 - create IPUIPlugin
2023-12-08 20:34:55,568 [INFO] IPUIPlugin:80 - create IPUIPlugin
2023-12-08 20:34:55,593 [INFO] ApiDbMcu:507 - Load IP Config File for PDM2PCM
2023-12-08 20:34:55,789 [INFO] CADModel:165 - CPN selected for project levelSTM32F401RET6
2023-12-08 20:34:55,790 [INFO] CADModel:114 - Register for checkConnection events
2023-12-08 20:34:55,854 [INFO] OpenFileManager:328 - Restore cursor
